<?xml version="1.0" encoding="UTF-8"?>
<!-- Generated by org.testng.reporters.JUnitXMLReporter -->
<testsuite ignored="0" hostname="INBNRMARITA" failures="0" tests="22" name="BDE- Farmer Transaction and Invoice" time="96.859" errors="0" timestamp="2021-11-18T13:41:26 IST">
  <testcase classname="script.FarmerTransaction" name="farmerLinkValidation" time="5.643"/>
  <testcase classname="script.FarmerTransaction" name="farmerOnboardingPage" time="0.703"/>
  <testcase classname="script.FarmerTransaction" name="searchUser" time="23.491"/>
  <testcase classname="script.FarmerTransaction" name="userCardValidation" time="0.03"/>
  <testcase classname="script.FarmerTransaction" name="categoryValidate" time="7.714"/>
  <testcase classname="script.FarmerTransaction" name="validateQuantity" time="0.566"/>
  <testcase classname="script.FarmerTransaction" name="validateUnits" time="3.563"/>
  <testcase classname="script.FarmerTransaction" name="validateBasePrice" time="1.516"/>
  <testcase classname="script.FarmerTransaction" name="validateSoot" time="1.391"/>
  <testcase classname="script.FarmerTransaction" name="validateMisc" time="5.813"/>
  <testcase classname="script.FarmerTransaction" name="addCrop" time="0.113"/>
  <testcase classname="script.FarmerTransaction" name="deleteIconValidation" time="0.195"/>
  <testcase classname="script.FarmerTransaction" name="validateSearchButton" time="7.396"/>
  <testcase classname="script.FarmerTransaction" name="validateAssignButton" time="1.211"/>
  <testcase classname="script.FarmerTransaction" name="assignLoad" time="13.55"/>
  <testcase classname="script.FarmerTransaction" name="saveInvoiceNumber" time="2.075"/>
  <testcase classname="script.FarmerTransaction" name="invoice" time="16.875"/>
  <testcase classname="script.FarmerTransaction" name="invoiceDownloadOption" time="0.038"/>
  <testcase classname="script.FarmerTransaction" name="updateSoot" time="0.034"/>
  <testcase classname="script.FarmerTransaction" name="userDetails" time="0.127"/>
  <testcase classname="script.FarmerTransaction" name="transaction" time="0.138"/>
  <testcase classname="script.FarmerTransaction" name="confirmStamp" time="0.069"/>
</testsuite> <!-- BDE- Farmer Transaction and Invoice -->
