<?xml version="1.0" encoding="UTF-8"?>
<!-- Generated by org.testng.reporters.JUnitXMLReporter -->
<testsuite ignored="4" hostname="INBNRMARITA" failures="0" tests="1" name="Reimbursement Rejected Status" time="20.977" errors="0" timestamp="2023-05-29T16:27:41 IST">
  <testcase classname="script.ReimbursementHistory" name="validateRejectedReimbursement" time="11.27"/>
  <testcase classname="script.ReimbursementHistory" name="validatePendingReimbursement" time="0.0">
    <ignored/>
  </testcase> <!-- validatePendingReimbursement -->
  <testcase classname="script.ReimbursementHistory" name="validateApproverPendingStatus" time="0.0">
    <ignored/>
  </testcase> <!-- validateApproverPendingStatus -->
  <testcase classname="script.ReimbursementHistory" name="validateVerifierPendingStatus" time="0.0">
    <ignored/>
  </testcase> <!-- validateVerifierPendingStatus -->
  <testcase classname="script.ReimbursementHistory" name="validateClosedReimbursement" time="0.0">
    <ignored/>
  </testcase> <!-- validateClosedReimbursement -->
</testsuite> <!-- Reimbursement Rejected Status -->
