<?xml version="1.0" encoding="UTF-8"?>
<!-- Generated by org.testng.reporters.JUnitXMLReporter -->
<testsuite ignored="0" hostname="INBNRMARITA" failures="0" tests="2" name="Admin Transport Payments" time="24.049" errors="0" timestamp="2022-01-04T15:13:00 IST">
  <testcase classname="script.GodownTransportPayments" name="dateFilterTransportPayments" time="8.253"/>
  <testcase classname="script.GodownTransportPayments" name="transportPayments" time="5.306"/>
</testsuite> <!-- Admin Transport Payments -->
