<?xml version="1.0" encoding="UTF-8"?>
<!-- Generated by org.testng.reporters.JUnitXMLReporter -->
<testsuite ignored="0" hostname="INBNRMARITA" failures="0" tests="3" name="Admin- Godown to Consumer" time="45.303" errors="0" timestamp="2022-07-21T16:41:10 IST">
  <testcase classname="script.GodownConsumer" name="searchUser" time="24.86"/>
  <testcase classname="script.GodownConsumer" name="validateAssignButton" time="1.311"/>
  <testcase classname="script.GodownConsumer" name="assignLoad" time="11.814"/>
</testsuite> <!-- Admin- Godown to Consumer -->
