<?xml version="1.0" encoding="UTF-8"?>
<!-- Generated by org.testng.reporters.JUnitXMLReporter -->
<testsuite ignored="18" hostname="INBNRMARITA" failures="8" tests="17" name="Admin- Farmer Transaction" time="214.193" errors="0" timestamp="2022-07-25T16:16:07 IST">
  <testcase classname="script.FarmerTransaction" name="farmerLinkValidation" time="6.802"/>
  <testcase classname="script.FarmerTransaction" name="enterPhoneNumber" time="15.016"/>
  <testcase classname="script.FarmerTransaction" name="validateAddCropBtn" time="1.24"/>
  <testcase classname="script.FarmerTransaction" name="validateCategory" time="2.474"/>
  <testcase classname="script.FarmerTransaction" name="ValidateCropName" time="1.18"/>
  <testcase classname="script.FarmerTransaction" name="enterQuantity" time="0.095"/>
  <testcase classname="script.FarmerTransaction" name="validateUnits" time="11.327">
    <failure type="java.lang.AssertionError" message="null">
      <![CDATA[java.lang.AssertionError: null
at script.FarmerTransaction.validateUnits(FarmerTransaction.java:290)
at java.base/java.util.ArrayList.forEach(ArrayList.java:1511)
... Removed 29 stack frames]]>
    </failure>
  </testcase> <!-- validateUnits -->
  <testcase classname="script.FarmerTransaction" name="validateGrade" time="10.164">
    <failure type="java.lang.AssertionError" message="null">
      <![CDATA[java.lang.AssertionError: null
at script.FarmerTransaction.validateGrade(FarmerTransaction.java:310)
at java.base/java.util.ArrayList.forEach(ArrayList.java:1511)
... Removed 29 stack frames]]>
    </failure>
  </testcase> <!-- validateGrade -->
  <testcase classname="script.FarmerTransaction" name="enterBasePrice" time="0.158"/>
  <testcase classname="script.FarmerTransaction" name="enterSoot" time="1.138"/>
  <testcase classname="script.FarmerTransaction" name="addCrop" time="10.073"/>
  <testcase classname="script.FarmerTransaction" name="addMisc" time="63.829">
    <failure type="java.lang.AssertionError" message="null">
      <![CDATA[java.lang.AssertionError: null
at script.FarmerTransaction.addMisc(FarmerTransaction.java:459)
at java.base/java.util.ArrayList.forEach(ArrayList.java:1511)
... Removed 29 stack frames]]>
    </failure>
  </testcase> <!-- addMisc -->
  <testcase classname="script.FarmerTransaction" name="validateSearchButton" time="10.054">
    <failure type="java.lang.AssertionError" message="null">
      <![CDATA[java.lang.AssertionError: null
at script.FarmerTransaction.validateSearchButton(FarmerTransaction.java:586)
at java.base/java.util.ArrayList.forEach(ArrayList.java:1511)
... Removed 29 stack frames]]>
    </failure>
  </testcase> <!-- validateSearchButton -->
  <testcase classname="script.FarmerTransaction" name="assignLoad" time="21.619">
    <failure type="java.lang.AssertionError" message="null">
      <![CDATA[java.lang.AssertionError: null
at script.FarmerTransaction.assignLoad(FarmerTransaction.java:663)
at java.base/java.util.ArrayList.forEach(ArrayList.java:1511)
... Removed 29 stack frames]]>
    </failure>
  </testcase> <!-- assignLoad -->
  <testcase classname="script.FarmerTransaction" name="saveInvoiceNumber" time="21.608">
    <failure type="java.lang.AssertionError" message="null">
      <![CDATA[java.lang.AssertionError: null
at script.FarmerTransaction.saveInvoiceNumber(FarmerTransaction.java:682)
at java.base/java.util.ArrayList.forEach(ArrayList.java:1511)
... Removed 29 stack frames]]>
    </failure>
  </testcase> <!-- saveInvoiceNumber -->
  <testcase classname="script.FarmerTransaction" name="invoice" time="10.01">
    <failure type="java.lang.AssertionError" message="null">
      <![CDATA[java.lang.AssertionError: null
at script.FarmerTransaction.invoice(FarmerTransaction.java:757)
at java.base/java.util.ArrayList.forEach(ArrayList.java:1511)
... Removed 29 stack frames]]>
    </failure>
  </testcase> <!-- invoice -->
  <testcase classname="script.FarmerTransaction" name="transaction" time="20.584">
    <failure type="java.lang.AssertionError" message="null">
      <![CDATA[java.lang.AssertionError: null
at script.FarmerTransaction.transaction(FarmerTransaction.java:797)
at java.base/java.util.ArrayList.forEach(ArrayList.java:1511)
... Removed 29 stack frames]]>
    </failure>
  </testcase> <!-- transaction -->
  <testcase classname="script.FarmerTransaction" name="validatePhoneNumber" time="0.0">
    <ignored/>
  </testcase> <!-- validatePhoneNumber -->
  <testcase classname="script.FarmerTransaction" name="validateMisc" time="0.0">
    <ignored/>
  </testcase> <!-- validateMisc -->
  <testcase classname="script.FarmerTransaction" name="validateBasePrice" time="0.0">
    <ignored/>
  </testcase> <!-- validateBasePrice -->
  <testcase classname="script.FarmerTransaction" name="userDetails" time="0.0">
    <ignored/>
  </testcase> <!-- userDetails -->
  <testcase classname="script.FarmerTransaction" name="userCardValidation" time="0.0">
    <ignored/>
  </testcase> <!-- userCardValidation -->
  <testcase classname="script.FarmerTransaction" name="invoiceDownloadOption" time="0.0">
    <ignored/>
  </testcase> <!-- invoiceDownloadOption -->
  <testcase classname="script.FarmerTransaction" name="deleteIconValidation" time="0.0">
    <ignored/>
  </testcase> <!-- deleteIconValidation -->
  <testcase classname="script.FarmerTransaction" name="validateQuantity" time="0.0">
    <ignored/>
  </testcase> <!-- validateQuantity -->
  <testcase classname="script.FarmerTransaction" name="validateSoot" time="0.0">
    <ignored/>
  </testcase> <!-- validateSoot -->
  <testcase classname="script.FarmerTransaction" name="addMiscButton" time="0.0">
    <ignored/>
  </testcase> <!-- addMiscButton -->
  <testcase classname="script.FarmerTransaction" name="searchButton" time="0.0">
    <ignored/>
  </testcase> <!-- searchButton -->
  <testcase classname="script.FarmerTransaction" name="searchButtonValidation" time="0.0">
    <ignored/>
  </testcase> <!-- searchButtonValidation -->
  <testcase classname="script.FarmerTransaction" name="saveButton" time="0.0">
    <ignored/>
  </testcase> <!-- saveButton -->
  <testcase classname="script.FarmerTransaction" name="validateSearchBtn" time="0.0">
    <ignored/>
  </testcase> <!-- validateSearchBtn -->
  <testcase classname="script.FarmerTransaction" name="confirmStamp" time="0.0">
    <ignored/>
  </testcase> <!-- confirmStamp -->
  <testcase classname="script.FarmerTransaction" name="updateSoot" time="0.0">
    <ignored/>
  </testcase> <!-- updateSoot -->
  <testcase classname="script.FarmerTransaction" name="validateAssignButton" time="0.0">
    <ignored/>
  </testcase> <!-- validateAssignButton -->
  <testcase classname="script.FarmerTransaction" name="totalPriceCalculation" time="0.0">
    <ignored/>
  </testcase> <!-- totalPriceCalculation -->
</testsuite> <!-- Admin- Farmer Transaction -->
