<?xml version="1.0" encoding="UTF-8"?>
<!-- Generated by org.testng.reporters.JUnitXMLReporter -->
<testsuite ignored="0" hostname="INBNRMARITA" failures="0" tests="14" name="Admin- PO creation" time="105.305" errors="0" timestamp="2021-11-16T12:55:21 IST">
  <testcase classname="script.CreatePO" name="buyerLinkValidation" time="5.456"/>
  <testcase classname="script.CreatePO" name="buyerOnboardingPage" time="0.824"/>
  <testcase classname="script.CreatePO" name="searchUser" time="27.392"/>
  <testcase classname="script.CreatePO" name="userCardValidation" time="0.055"/>
  <testcase classname="script.CreatePO" name="validateCategory" time="6.55"/>
  <testcase classname="script.CreatePO" name="validateQuantity" time="8.645"/>
  <testcase classname="script.CreatePO" name="validateUnit" time="4.512"/>
  <testcase classname="script.CreatePO" name="validatePrice" time="8.788"/>
  <testcase classname="script.CreatePO" name="addCrop" time="0.227"/>
  <testcase classname="script.CreatePO" name="poDates" time="8.989"/>
  <testcase classname="script.CreatePO" name="deliveryDeliveryValidation" time="18.513"/>
  <testcase classname="script.CreatePO" name="cancelPoValidation" time="4.271"/>
  <testcase classname="script.CreatePO" name="generatePO" time="5.169"/>
  <testcase classname="script.CreatePO" name="poCreation" time="1.263"/>
</testsuite> <!-- Admin- PO creation -->
