<?xml version="1.0" encoding="UTF-8"?>
<!-- Generated by org.testng.reporters.JUnitXMLReporter -->
<testsuite ignored="0" hostname="INBNRMARITA" failures="0" tests="3" name="Finance Payments" time="53.752" errors="0" timestamp="2021-11-16T13:01:10 IST">
  <testcase classname="script.FinancePayments" name="farmerPayment" time="26.888"/>
  <testcase classname="script.FinancePayments" name="consumerPayment" time="13.93"/>
  <testcase classname="script.FinancePayments" name="transportPayment" time="8.45"/>
</testsuite> <!-- Finance Payments -->
