<?xml version="1.0" encoding="UTF-8"?>
<!-- Generated by org.testng.reporters.JUnitXMLReporter -->
<testsuite ignored="0" hostname="INBNRMARITA" failures="0" tests="2" name="Admin Transport Payments" time="21.141" errors="0" timestamp="2022-02-22T11:25:13 IST">
  <testcase classname="script.GodownTransportPayments" name="dateFilterTransportPayments" time="8.42"/>
  <testcase classname="script.GodownTransportPayments" name="transportPayments" time="5.525"/>
</testsuite> <!-- Admin Transport Payments -->
