<?xml version="1.0" encoding="UTF-8"?>
<!-- Generated by org.testng.reporters.JUnitXMLReporter -->
<testsuite ignored="0" hostname="INBNRMARITA" failures="0" tests="14" name="Logistics PO creation" time="113.206" errors="0" timestamp="2022-02-22T11:22:54 IST">
  <testcase classname="script.LogisticsPoCreation" name="buyerLinkValidation" time="3.788"/>
  <testcase classname="script.LogisticsPoCreation" name="buyerOnboardingPage" time="1.671"/>
  <testcase classname="script.LogisticsPoCreation" name="searchUser" time="32.179"/>
  <testcase classname="script.LogisticsPoCreation" name="userCardValidation" time="0.072"/>
  <testcase classname="script.LogisticsPoCreation" name="validateCategory" time="6.903"/>
  <testcase classname="script.LogisticsPoCreation" name="validateQuantity" time="8.83"/>
  <testcase classname="script.LogisticsPoCreation" name="validateUnit" time="3.57"/>
  <testcase classname="script.LogisticsPoCreation" name="validatePrice" time="9.821"/>
  <testcase classname="script.LogisticsPoCreation" name="addCrop" time="0.21"/>
  <testcase classname="script.LogisticsPoCreation" name="poDates" time="9.298"/>
  <testcase classname="script.LogisticsPoCreation" name="deliveryDistrictValidation" time="17.657"/>
  <testcase classname="script.LogisticsPoCreation" name="cancelPoValidation" time="4.392"/>
  <testcase classname="script.LogisticsPoCreation" name="generatePO" time="5.197"/>
  <testcase classname="script.LogisticsPoCreation" name="poCreation" time="1.204"/>
</testsuite> <!-- Logistics PO creation -->
