<?xml version="1.0" encoding="UTF-8"?>
<!-- Generated by org.testng.reporters.JUnitXMLReporter -->
<testsuite ignored="0" hostname="INBNRMARITA" failures="0" tests="5" name="Admin Payment Close" time="46.645" errors="0" timestamp="2023-05-26T17:38:55 IST">
  <testcase classname="script.AdminPaymentCloseConsumer" name="dateFilter" time="13.555"/>
  <testcase classname="script.AdminPaymentCloseConsumer" name="searchButton" time="0.038"/>
  <testcase classname="script.AdminPaymentCloseConsumer" name="resetButton" time="2.967"/>
  <testcase classname="script.AdminPaymentCloseConsumer" name="downloadButton" time="6.789"/>
  <testcase classname="script.AdminPaymentCloseConsumer" name="closePayments" time="5.696"/>
</testsuite> <!-- Admin Payment Close -->
