<?xml version="1.0" encoding="UTF-8"?>
<!-- Generated by org.testng.reporters.JUnitXMLReporter -->
<testsuite ignored="0" hostname="INBNRMARITA" failures="0" tests="3" name="BDE- Godown to Consumer" time="108.249" errors="0" timestamp="2023-05-26T17:35:08 IST">
  <testcase classname="script.GodownConsumer" name="searchUser" time="43.354"/>
  <testcase classname="script.GodownConsumer" name="validateAssignButton" time="7.111"/>
  <testcase classname="script.GodownConsumer" name="assignLoad" time="36.221"/>
</testsuite> <!-- BDE- Godown to Consumer -->
