<?xml version="1.0" encoding="UTF-8"?>
<!-- Generated by org.testng.reporters.JUnitXMLReporter -->
<testsuite ignored="0" hostname="INBNRMARITA" failures="0" tests="34" name="BDE- LoadCreation" time="109.93" errors="0" timestamp="2023-05-26T17:33:20 IST">
  <testcase classname="script.LoadCreation" name="poApproval" time="0.001"/>
  <testcase classname="script.LoadCreation" name="buyerLinkValidation" time="4.639"/>
  <testcase classname="script.LoadCreation" name="buyerOnboardingPage" time="0.001"/>
  <testcase classname="script.LoadCreation" name="validateSearchButton" time="0.124"/>
  <testcase classname="script.LoadCreation" name="validatePhoneNumber" time="7.851"/>
  <testcase classname="script.LoadCreation" name="enterPhoneNumber" time="11.884"/>
  <testcase classname="script.LoadCreation" name="buyerNameValidation" time="1.145"/>
  <testcase classname="script.LoadCreation" name="validateCropName" time="14.435"/>
  <testcase classname="script.LoadCreation" name="validatePoId" time="8.112"/>
  <testcase classname="script.LoadCreation" name="validateLoadQty" time="3.856"/>
  <testcase classname="script.LoadCreation" name="validateUnits" time="4.138"/>
  <testcase classname="script.LoadCreation" name="generateLoadIdButton" time="0.09"/>
  <testcase classname="script.LoadCreation" name="verifyLoadType" time="1.489"/>
  <testcase classname="script.LoadCreation" name="validateQtyExceed" time="1.698"/>
  <testcase classname="script.LoadCreation" name="enterQuantity" time="1.743"/>
  <testcase classname="script.LoadCreation" name="verifyCancelButton" time="0.246"/>
  <testcase classname="script.LoadCreation" name="captureLoadId" time="1.187"/>
  <testcase classname="script.LoadCreation" name="searchButton" time="0.336"/>
  <testcase classname="script.LoadCreation" name="logisticsLinkValidation" time="0.145"/>
  <testcase classname="script.LoadCreation" name="validateLogisticsPhNo" time="6.125"/>
  <testcase classname="script.LoadCreation" name="logisticsUserCardValidation" time="0.104"/>
  <testcase classname="script.LoadCreation" name="validateDriverName" time="2.721"/>
  <testcase classname="script.LoadCreation" name="enterDriverName" time="1.362"/>
  <testcase classname="script.LoadCreation" name="validateDriverPhNo" time="1.659"/>
  <testcase classname="script.LoadCreation" name="enterDriverNumber" time="1.501"/>
  <testcase classname="script.LoadCreation" name="validateLicenceNumber" time="1.991"/>
  <testcase classname="script.LoadCreation" name="enterLicenceNumber" time="1.359"/>
  <testcase classname="script.LoadCreation" name="validateVehicleNumber" time="1.555"/>
  <testcase classname="script.LoadCreation" name="enterVehicleNumber" time="1.338"/>
  <testcase classname="script.LoadCreation" name="advanceAmount" time="1.401"/>
  <testcase classname="script.LoadCreation" name="createButton" time="0.036"/>
  <testcase classname="script.LoadCreation" name="createLoad" time="4.849"/>
  <testcase classname="script.LoadCreation" name="editDeleteValidation" time="1.945"/>
  <testcase classname="script.LoadCreation" name="editPopup" time="8.053"/>
</testsuite> <!-- BDE- LoadCreation -->
