<?xml version="1.0" encoding="UTF-8"?>
<!-- Generated by org.testng.reporters.JUnitXMLReporter -->
<testsuite ignored="0" hostname="INBNRMARITA" failures="0" tests="17" name="Admin- Load Track" time="64.546" errors="0" timestamp="2023-05-27T11:42:36 IST">
  <testcase classname="script.LoadTrack" name="phoneNumberField" time="7.601"/>
  <testcase classname="script.LoadTrack" name="radioButtons" time="0.215"/>
  <testcase classname="script.LoadTrack" name="searchButtonColor" time="1.152"/>
  <testcase classname="script.LoadTrack" name="resetButtonColor" time="1.141"/>
  <testcase classname="script.LoadTrack" name="viewMoreActive" time="1.084"/>
  <testcase classname="script.LoadTrack" name="validateactivecard" time="1.093"/>
  <testcase classname="script.LoadTrack" name="validateLoadIdActive" time="15.006"/>
  <testcase classname="script.LoadTrack" name="invoiceDownloadLoaded" time="5.844"/>
  <testcase classname="script.LoadTrack" name="captureInvoiceId" time="0.225"/>
  <testcase classname="script.LoadTrack" name="validateLoadIdLoaded" time="5.559"/>
  <testcase classname="script.LoadTrack" name="invoiceDownloadUnloaded" time="2.717"/>
  <testcase classname="script.LoadTrack" name="viewMoreOptionUnloadedStage" time="0.0"/>
  <testcase classname="script.LoadTrack" name="buyerNameUnloadedStage" time="2.106"/>
  <testcase classname="script.LoadTrack" name="loadIdUnloadedStage" time="0.001"/>
  <testcase classname="script.LoadTrack" name="cropNameUnloadedStage" time="0.001"/>
  <testcase classname="script.LoadTrack" name="validateUnloadedStage" time="7.795"/>
  <testcase classname="script.LoadTrack" name="validateUnloadedStatus" time="0.471"/>
</testsuite> <!-- Admin- Load Track -->
