<?xml version="1.0" encoding="UTF-8"?>
<!-- Generated by org.testng.reporters.JUnitXMLReporter -->
<testsuite ignored="0" hostname="INBNRMARITA" failures="0" tests="22" name="Admin- Bilty Transaction" time="96.752" errors="0" timestamp="2023-05-27T11:38:55 IST">
  <testcase classname="script.BiltyTransaction" name="farmerLinkValidation" time="7.088"/>
  <testcase classname="script.BiltyTransaction" name="searchButtonValidation" time="2.846"/>
  <testcase classname="script.BiltyTransaction" name="validateSearchBtn" time="0.046"/>
  <testcase classname="script.BiltyTransaction" name="validatePhoneNumber" time="5.552"/>
  <testcase classname="script.BiltyTransaction" name="enterPhoneNumber" time="17.005"/>
  <testcase classname="script.BiltyTransaction" name="userCardValidation" time="1.061"/>
  <testcase classname="script.BiltyTransaction" name="validateAddCropBtn" time="1.299"/>
  <testcase classname="script.BiltyTransaction" name="saveButton" time="0.104"/>
  <testcase classname="script.BiltyTransaction" name="validateCategory" time="3.811"/>
  <testcase classname="script.BiltyTransaction" name="ValidateCropName" time="1.29"/>
  <testcase classname="script.BiltyTransaction" name="validateQuantity" time="1.525"/>
  <testcase classname="script.BiltyTransaction" name="enterQuantity" time="0.186"/>
  <testcase classname="script.BiltyTransaction" name="validateUnits" time="4.708"/>
  <testcase classname="script.BiltyTransaction" name="validateGrade" time="3.644"/>
  <testcase classname="script.BiltyTransaction" name="validateBasePrice" time="2.19"/>
  <testcase classname="script.BiltyTransaction" name="enterBasePrice" time="0.238"/>
  <testcase classname="script.BiltyTransaction" name="addCrop" time="0.479"/>
  <testcase classname="script.BiltyTransaction" name="validateSearchButton" time="12.567"/>
  <testcase classname="script.BiltyTransaction" name="validateAssignButton" time="2.578"/>
  <testcase classname="script.BiltyTransaction" name="assignLoad" time="12.549"/>
  <testcase classname="script.BiltyTransaction" name="saveInvoiceNumber" time="3.299"/>
  <testcase classname="script.BiltyTransaction" name="userDetails" time="2.263"/>
</testsuite> <!-- Admin- Bilty Transaction -->
