<?xml version="1.0" encoding="UTF-8"?>
<!-- Generated by org.testng.reporters.JUnitXMLReporter -->
<testsuite ignored="0" hostname="INBNRMARITA" failures="0" tests="6" name="AdvanceRequest" time="18.349" errors="0" timestamp="2023-04-24T14:22:56 IST">
  <testcase classname="script.AdvanceRequest" name="validateFinanceAdvancePageTabsStatus" time="2.225"/>
  <testcase classname="script.AdvanceRequest" name="validateRequestAdvancePageFields" time="2.041"/>
  <testcase classname="script.AdvanceRequest" name="validateAdvanceAmountFieldErrorMessages" time="1.053"/>
  <testcase classname="script.AdvanceRequest" name="validateRequestButtonCssProperties" time="0.064"/>
  <testcase classname="script.AdvanceRequest" name="validateEnterPaymentDateErrorMessage" time="0.872"/>
  <testcase classname="script.AdvanceRequest" name="validateSuccessToastMessage" time="0.592"/>
</testsuite> <!-- AdvanceRequest -->
