<?xml version="1.0" encoding="UTF-8"?>
<!-- Generated by org.testng.reporters.JUnitXMLReporter -->
<testsuite ignored="0" hostname="INBNRMARITA" failures="0" tests="33" name="Admin- Load creation" time="91.485" errors="0" timestamp="2022-07-28T13:06:42 IST">
  <testcase classname="script.LoadCreation" name="poApproval" time="19.273"/>
  <testcase classname="script.LoadCreation" name="buyerLinkValidation" time="4.106"/>
  <testcase classname="script.LoadCreation" name="buyerOnboardingPage" time="0.001"/>
  <testcase classname="script.LoadCreation" name="validateSearchButton" time="0.051"/>
  <testcase classname="script.LoadCreation" name="validatePhoneNumber" time="6.769"/>
  <testcase classname="script.LoadCreation" name="enterPhoneNumber" time="4.39"/>
  <testcase classname="script.LoadCreation" name="buyerNameValidation" time="0.126"/>
  <testcase classname="script.LoadCreation" name="validateCropName" time="6.472"/>
  <testcase classname="script.LoadCreation" name="validatePoId" time="6.887"/>
  <testcase classname="script.LoadCreation" name="validateLoadQty" time="2.79"/>
  <testcase classname="script.LoadCreation" name="validateUnits" time="3.347"/>
  <testcase classname="script.LoadCreation" name="validateQtyExceed" time="1.137"/>
  <testcase classname="script.LoadCreation" name="enterQuantity" time="1.184"/>
  <testcase classname="script.LoadCreation" name="generateLoadIdButton" time="0.099"/>
  <testcase classname="script.LoadCreation" name="verifyCancelButton" time="0.071"/>
  <testcase classname="script.LoadCreation" name="captureLoadId" time="1.04"/>
  <testcase classname="script.LoadCreation" name="searchButton" time="0.139"/>
  <testcase classname="script.LoadCreation" name="logisticsLinkValidation" time="0.052"/>
  <testcase classname="script.LoadCreation" name="validateLogisticsPhNo" time="5.59"/>
  <testcase classname="script.LoadCreation" name="logisticsUserCardValidation" time="0.105"/>
  <testcase classname="script.LoadCreation" name="validateDriverName" time="2.351"/>
  <testcase classname="script.LoadCreation" name="enterDriverName" time="1.2"/>
  <testcase classname="script.LoadCreation" name="validateDriverPhNo" time="1.329"/>
  <testcase classname="script.LoadCreation" name="enterDriverNumber" time="1.237"/>
  <testcase classname="script.LoadCreation" name="validateLicenceNumber" time="1.306"/>
  <testcase classname="script.LoadCreation" name="enterLicenceNumber" time="1.196"/>
  <testcase classname="script.LoadCreation" name="validateVehicleNumber" time="1.263"/>
  <testcase classname="script.LoadCreation" name="enterVehicleNumber" time="1.195"/>
  <testcase classname="script.LoadCreation" name="advanceAmount" time="1.218"/>
  <testcase classname="script.LoadCreation" name="createButton" time="0.039"/>
  <testcase classname="script.LoadCreation" name="createLoad" time="1.189"/>
  <testcase classname="script.LoadCreation" name="editDeleteValidation" time="1.285"/>
  <testcase classname="script.LoadCreation" name="editPopup" time="6.859"/>
</testsuite> <!-- Admin- Load creation -->
