<?xml version="1.0" encoding="UTF-8"?>
<!-- Generated by org.testng.reporters.JUnitXMLReporter -->
<testsuite hostname="DESKTOP-ULFBLCU" ignored="0" name="Admin Approval" tests="1" failures="1" timestamp="2021-07-02T12:47:01 IST" time="51.236" errors="0">
  <testcase name="Adminpayment" time="19.576" classname="script.AdminDSCPayments">
    <failure type="java.lang.AssertionError">
      <![CDATA[java.lang.AssertionError: 
at script.AdminDSCPayments.Adminpayment(AdminDSCPayments.java:42)
at java.util.ArrayList.forEach(Unknown Source)
... Removed 29 stack frames]]>
    </failure>
  </testcase> <!-- Adminpayment -->
</testsuite> <!-- Admin Approval -->
