<?xml version="1.0" encoding="UTF-8"?>
<!-- Generated by org.testng.reporters.JUnitXMLReporter -->
<testsuite ignored="0" hostname="Dell-Falca-34ZLN12" failures="5" tests="6" name="Farmer Transaction and Invoice" time="148.922" errors="0" timestamp="2021-09-28T17:55:29 IST">
  <testcase classname="script.FarmerTransaction" name="SearchUser" time="52.367"/>
  <testcase classname="script.FarmerTransaction" name="addCrop" time="14.673">
    <failure type="java.lang.AssertionError" message="null">
      <![CDATA[java.lang.AssertionError: null
at script.FarmerTransaction.addCrop(FarmerTransaction.java:196)
at java.base/java.util.ArrayList.forEach(ArrayList.java:1511)
... Removed 29 stack frames]]>
    </failure>
  </testcase> <!-- addCrop -->
  <testcase classname="script.FarmerTransaction" name="validateSearchButton" time="10.053">
    <failure type="java.lang.AssertionError" message="null">
      <![CDATA[java.lang.AssertionError: null
at script.FarmerTransaction.validateSearchButton(FarmerTransaction.java:212)
at java.base/java.util.ArrayList.forEach(ArrayList.java:1511)
... Removed 29 stack frames]]>
    </failure>
  </testcase> <!-- validateSearchButton -->
  <testcase classname="script.FarmerTransaction" name="validateAssignButton" time="10.086">
    <failure type="java.lang.AssertionError" message="null">
      <![CDATA[java.lang.AssertionError: null
at script.FarmerTransaction.validateAssignButton(FarmerTransaction.java:229)
at java.base/java.util.ArrayList.forEach(ArrayList.java:1511)
... Removed 29 stack frames]]>
    </failure>
  </testcase> <!-- validateAssignButton -->
  <testcase classname="script.FarmerTransaction" name="assignLoad" time="11.097">
    <failure type="java.lang.AssertionError" message="null">
      <![CDATA[java.lang.AssertionError: null
at script.FarmerTransaction.assignLoad(FarmerTransaction.java:275)
at java.base/java.util.ArrayList.forEach(ArrayList.java:1511)
... Removed 29 stack frames]]>
    </failure>
  </testcase> <!-- assignLoad -->
  <testcase classname="script.FarmerTransaction" name="invoice" time="25.589">
    <failure type="java.lang.AssertionError" message="null">
      <![CDATA[java.lang.AssertionError: null
at script.FarmerTransaction.invoice(FarmerTransaction.java:340)
at java.base/java.util.ArrayList.forEach(ArrayList.java:1511)
... Removed 29 stack frames]]>
    </failure>
  </testcase> <!-- invoice -->
</testsuite> <!-- Farmer Transaction and Invoice -->
