<?xml version="1.0" encoding="UTF-8"?>
<!-- Generated by org.testng.reporters.JUnitXMLReporter -->
<testsuite ignored="0" hostname="INBNRMARITA" failures="0" tests="33" name="Admin- Load Creation" time="99.698" errors="0" timestamp="2023-05-27T11:03:20 IST">
  <testcase classname="script.BiltyLoadCreation" name="poApproval" time="20.822"/>
  <testcase classname="script.BiltyLoadCreation" name="buyerLinkValidation" time="5.242"/>
  <testcase classname="script.BiltyLoadCreation" name="buyerOnboardingPage" time="0.001"/>
  <testcase classname="script.BiltyLoadCreation" name="validateSearchButton" time="0.128"/>
  <testcase classname="script.BiltyLoadCreation" name="validatePhoneNumber" time="7.15"/>
  <testcase classname="script.BiltyLoadCreation" name="enterPhoneNumber" time="4.801"/>
  <testcase classname="script.BiltyLoadCreation" name="buyerNameValidation" time="2.061"/>
  <testcase classname="script.BiltyLoadCreation" name="validateCropName" time="7.376"/>
  <testcase classname="script.BiltyLoadCreation" name="validatePoId" time="7.794"/>
  <testcase classname="script.BiltyLoadCreation" name="validateLoadQty" time="2.728"/>
  <testcase classname="script.BiltyLoadCreation" name="validateUnits" time="3.485"/>
  <testcase classname="script.BiltyLoadCreation" name="generateLoadIdButton" time="0.048"/>
  <testcase classname="script.BiltyLoadCreation" name="verifyLoadType" time="1.275"/>
  <testcase classname="script.BiltyLoadCreation" name="validateQtyExceed" time="1.116"/>
  <testcase classname="script.BiltyLoadCreation" name="enterQuantity" time="2.336"/>
  <testcase classname="script.BiltyLoadCreation" name="verifyCancelButton" time="0.058"/>
  <testcase classname="script.BiltyLoadCreation" name="captureLoadId" time="1.054"/>
  <testcase classname="script.BiltyLoadCreation" name="searchButton" time="0.206"/>
  <testcase classname="script.BiltyLoadCreation" name="logisticsLinkValidation" time="0.049"/>
  <testcase classname="script.BiltyLoadCreation" name="validateLogisticsPhNo" time="5.578"/>
  <testcase classname="script.BiltyLoadCreation" name="logisticsUserCardValidation" time="0.089"/>
  <testcase classname="script.BiltyLoadCreation" name="validateDriverName" time="2.42"/>
  <testcase classname="script.BiltyLoadCreation" name="enterDriverName" time="1.24"/>
  <testcase classname="script.BiltyLoadCreation" name="validateDriverPhNo" time="1.321"/>
  <testcase classname="script.BiltyLoadCreation" name="enterDriverNumber" time="1.372"/>
  <testcase classname="script.BiltyLoadCreation" name="validateLicenceNumber" time="1.309"/>
  <testcase classname="script.BiltyLoadCreation" name="enterLicenceNumber" time="1.276"/>
  <testcase classname="script.BiltyLoadCreation" name="validateVehicleNumber" time="1.308"/>
  <testcase classname="script.BiltyLoadCreation" name="enterVehicleNumber" time="1.25"/>
  <testcase classname="script.BiltyLoadCreation" name="advanceAmount" time="1.28"/>
  <testcase classname="script.BiltyLoadCreation" name="createButton" time="0.033"/>
  <testcase classname="script.BiltyLoadCreation" name="createLoad" time="2.045"/>
  <testcase classname="script.BiltyLoadCreation" name="editDeleteValidation" time="1.43"/>
</testsuite> <!-- Admin- Load Creation -->
