<?xml version="1.0" encoding="UTF-8"?>
<!-- Generated by org.testng.reporters.JUnitXMLReporter -->
<testsuite ignored="0" hostname="INBNRMARITA" failures="0" tests="11" name="Admin Payments" time="45.943" errors="0" timestamp="2023-05-27T11:08:34 IST">
  <testcase classname="script.AdminDSCPayments" name="dateFilterFarmerPayments" time="8.289"/>
  <testcase classname="script.AdminDSCPayments" name="searchButton" time="2.099"/>
  <testcase classname="script.AdminDSCPayments" name="resetButton" time="2.084"/>
  <testcase classname="script.AdminDSCPayments" name="totalPriceCalculation" time="0.003"/>
  <testcase classname="script.AdminDSCPayments" name="approvePayments" time="10.361"/>
  <testcase classname="script.AdminDSCPayments" name="dateFilterTransportPayments" time="1.238"/>
  <testcase classname="script.AdminDSCPayments" name="searchButtonTransport" time="0.067"/>
  <testcase classname="script.AdminDSCPayments" name="resetButtonTransport" time="0.094"/>
  <testcase classname="script.AdminDSCPayments" name="userNameFieldTransport" time="2.139"/>
  <testcase classname="script.AdminDSCPayments" name="invoiceNumberFieldTransport" time="2.102"/>
  <testcase classname="script.AdminDSCPayments" name="transportPayments" time="9.577"/>
</testsuite> <!-- Admin Payments -->
