<?xml version="1.0" encoding="UTF-8"?>
<!-- Generated by org.testng.reporters.JUnitXMLReporter -->
<testsuite ignored="0" hostname="INBNRMARITA" failures="0" tests="22" name="Finance Payments" time="88.353" errors="0" timestamp="2023-05-27T11:10:02 IST">
  <testcase classname="script.FinancePayments" name="validateDateFilteFarmerPaymentsr" time="6.357"/>
  <testcase classname="script.FinancePayments" name="searchButton" time="0.033"/>
  <testcase classname="script.FinancePayments" name="resetButton" time="0.026"/>
  <testcase classname="script.FinancePayments" name="totalPriceCalculation" time="0.002"/>
  <testcase classname="script.FinancePayments" name="payButton" time="23.868"/>
  <testcase classname="script.FinancePayments" name="confirmButton" time="0.05"/>
  <testcase classname="script.FinancePayments" name="cancelButton" time="0.031"/>
  <testcase classname="script.FinancePayments" name="paymentModeFarmer" time="4.221"/>
  <testcase classname="script.FinancePayments" name="validateReferenceNumFarmer" time="4.474"/>
  <testcase classname="script.FinancePayments" name="enterReferenceNumber" time="4.9"/>
  <testcase classname="script.FinancePayments" name="validateDateFilterConsumerPayment" time="2.325"/>
  <testcase classname="script.FinancePayments" name="searchButtonConsumer" time="0.036"/>
  <testcase classname="script.FinancePayments" name="resetButtonConsumer" time="0.051"/>
  <testcase classname="script.FinancePayments" name="paymentModeConsumer" time="19.026"/>
  <testcase classname="script.FinancePayments" name="validateReferenceIdConsumer" time="2.15"/>
  <testcase classname="script.FinancePayments" name="enterReferenceIdConsumer" time="0.098"/>
  <testcase classname="script.FinancePayments" name="validateAmount" time="2.14"/>
  <testcase classname="script.FinancePayments" name="enterAmount" time="2.371"/>
  <testcase classname="script.FinancePayments" name="validateDateFilterTransport" time="1.295"/>
  <testcase classname="script.FinancePayments" name="searchButtonTransport" time="0.022"/>
  <testcase classname="script.FinancePayments" name="resetButtonTransport" time="0.02"/>
  <testcase classname="script.FinancePayments" name="validateReferenceNumTransport" time="7.516"/>
</testsuite> <!-- Finance Payments -->
