<?xml version="1.0" encoding="UTF-8"?>
<!-- Generated by org.testng.reporters.JUnitXMLReporter -->
<testsuite ignored="0" hostname="INBNRMARITA" failures="0" tests="34" name="Admin- Load Creation" time="117.332" errors="0" timestamp="2023-05-25T17:26:44 IST">
  <testcase classname="script.LoadCreation" name="poApproval" time="23.911"/>
  <testcase classname="script.LoadCreation" name="buyerLinkValidation" time="3.884"/>
  <testcase classname="script.LoadCreation" name="buyerOnboardingPage" time="0.001"/>
  <testcase classname="script.LoadCreation" name="validateSearchButton" time="0.04"/>
  <testcase classname="script.LoadCreation" name="validatePhoneNumber" time="6.738"/>
  <testcase classname="script.LoadCreation" name="enterPhoneNumber" time="4.598"/>
  <testcase classname="script.LoadCreation" name="buyerNameValidation" time="3.005"/>
  <testcase classname="script.LoadCreation" name="validateCropName" time="7.158"/>
  <testcase classname="script.LoadCreation" name="validatePoId" time="8.677"/>
  <testcase classname="script.LoadCreation" name="validateLoadQty" time="2.902"/>
  <testcase classname="script.LoadCreation" name="validateUnits" time="3.846"/>
  <testcase classname="script.LoadCreation" name="generateLoadIdButton" time="0.084"/>
  <testcase classname="script.LoadCreation" name="verifyLoadType" time="1.413"/>
  <testcase classname="script.LoadCreation" name="validateQtyExceed" time="1.743"/>
  <testcase classname="script.LoadCreation" name="enterQuantity" time="1.586"/>
  <testcase classname="script.LoadCreation" name="verifyCancelButton" time="0.147"/>
  <testcase classname="script.LoadCreation" name="captureLoadId" time="1.213"/>
  <testcase classname="script.LoadCreation" name="searchButton" time="0.375"/>
  <testcase classname="script.LoadCreation" name="logisticsLinkValidation" time="0.069"/>
  <testcase classname="script.LoadCreation" name="validateLogisticsPhNo" time="7.38"/>
  <testcase classname="script.LoadCreation" name="logisticsUserCardValidation" time="0.12"/>
  <testcase classname="script.LoadCreation" name="validateDriverName" time="2.911"/>
  <testcase classname="script.LoadCreation" name="enterDriverName" time="1.222"/>
  <testcase classname="script.LoadCreation" name="validateDriverPhNo" time="1.407"/>
  <testcase classname="script.LoadCreation" name="enterDriverNumber" time="1.463"/>
  <testcase classname="script.LoadCreation" name="validateLicenceNumber" time="1.495"/>
  <testcase classname="script.LoadCreation" name="enterLicenceNumber" time="1.384"/>
  <testcase classname="script.LoadCreation" name="validateVehicleNumber" time="1.375"/>
  <testcase classname="script.LoadCreation" name="enterVehicleNumber" time="1.304"/>
  <testcase classname="script.LoadCreation" name="advanceAmount" time="1.336"/>
  <testcase classname="script.LoadCreation" name="createButton" time="0.031"/>
  <testcase classname="script.LoadCreation" name="createLoad" time="3.388"/>
  <testcase classname="script.LoadCreation" name="editDeleteValidation" time="1.383"/>
  <testcase classname="script.LoadCreation" name="editPopup" time="6.422"/>
</testsuite> <!-- Admin- Load Creation -->
