<?xml version="1.0" encoding="UTF-8"?>
<!-- Generated by org.testng.reporters.JUnitXMLReporter -->
<testsuite ignored="0" hostname="INBNRMARITA" failures="0" tests="22" name="Admin- Bilty Transaction" time="100.763" errors="0" timestamp="2023-05-17T18:10:57 IST">
  <testcase classname="script.BiltyTransaction" name="farmerLinkValidation" time="7.412"/>
  <testcase classname="script.BiltyTransaction" name="searchButtonValidation" time="2.896"/>
  <testcase classname="script.BiltyTransaction" name="validateSearchBtn" time="0.071"/>
  <testcase classname="script.BiltyTransaction" name="validatePhoneNumber" time="5.669"/>
  <testcase classname="script.BiltyTransaction" name="enterPhoneNumber" time="17.405"/>
  <testcase classname="script.BiltyTransaction" name="userCardValidation" time="1.066"/>
  <testcase classname="script.BiltyTransaction" name="validateAddCropBtn" time="1.32"/>
  <testcase classname="script.BiltyTransaction" name="saveButton" time="0.106"/>
  <testcase classname="script.BiltyTransaction" name="validateCategory" time="3.162"/>
  <testcase classname="script.BiltyTransaction" name="ValidateCropName" time="1.365"/>
  <testcase classname="script.BiltyTransaction" name="validateQuantity" time="1.33"/>
  <testcase classname="script.BiltyTransaction" name="enterQuantity" time="0.237"/>
  <testcase classname="script.BiltyTransaction" name="validateUnits" time="4.82"/>
  <testcase classname="script.BiltyTransaction" name="validateGrade" time="3.685"/>
  <testcase classname="script.BiltyTransaction" name="validateBasePrice" time="2.412"/>
  <testcase classname="script.BiltyTransaction" name="enterBasePrice" time="0.28"/>
  <testcase classname="script.BiltyTransaction" name="addCrop" time="0.453"/>
  <testcase classname="script.BiltyTransaction" name="validateSearchButton" time="12.635"/>
  <testcase classname="script.BiltyTransaction" name="validateAssignButton" time="2.457"/>
  <testcase classname="script.BiltyTransaction" name="assignLoad" time="11.955"/>
  <testcase classname="script.BiltyTransaction" name="saveInvoiceNumber" time="3.162"/>
  <testcase classname="script.BiltyTransaction" name="userDetails" time="2.311"/>
</testsuite> <!-- Admin- Bilty Transaction -->
