<?xml version="1.0" encoding="UTF-8"?>
<!-- Generated by org.testng.reporters.JUnitXMLReporter -->
<testsuite ignored="0" hostname="INBNRMARITA" failures="0" tests="8" name="Admin- Edit PO" time="21.285" errors="0" timestamp="2023-03-15T17:16:23 IST">
  <testcase classname="script.NewEditPurchaseOrder" name="searchButton" time="7.236"/>
  <testcase classname="script.NewEditPurchaseOrder" name="resetButton" time="0.042"/>
  <testcase classname="script.NewEditPurchaseOrder" name="poid" time="3.121"/>
  <testcase classname="script.NewEditPurchaseOrder" name="companyName" time="0.057"/>
  <testcase classname="script.NewEditPurchaseOrder" name="cropName" time="1.189"/>
  <testcase classname="script.NewEditPurchaseOrder" name="editButton" time="0.6"/>
  <testcase classname="script.NewEditPurchaseOrder" name="honorDistrict" time="0.073"/>
  <testcase classname="script.NewEditPurchaseOrder" name="updateQuantity" time="1.584"/>
</testsuite> <!-- Admin- Edit PO -->
