<?xml version="1.0" encoding="UTF-8"?>
<!-- Generated by org.testng.reporters.JUnitXMLReporter -->
<testsuite ignored="0" hostname="INBNRMARITA" failures="0" tests="35" name="Admin- Farmer Transaction" time="152.149" errors="0" timestamp="2023-05-25T17:29:16 IST">
  <testcase classname="script.FarmerTransaction" name="farmerLinkValidation" time="7.703"/>
  <testcase classname="script.FarmerTransaction" name="searchButtonValidation" time="2.741"/>
  <testcase classname="script.FarmerTransaction" name="validateSearchBtn" time="0.088"/>
  <testcase classname="script.FarmerTransaction" name="validatePhoneNumber" time="5.626"/>
  <testcase classname="script.FarmerTransaction" name="enterPhoneNumber" time="19.045"/>
  <testcase classname="script.FarmerTransaction" name="userCardValidation" time="1.15"/>
  <testcase classname="script.FarmerTransaction" name="validateAddCropBtn" time="1.375"/>
  <testcase classname="script.FarmerTransaction" name="saveButton" time="0.097"/>
  <testcase classname="script.FarmerTransaction" name="validateCategory" time="3.178"/>
  <testcase classname="script.FarmerTransaction" name="ValidateCropName" time="1.412"/>
  <testcase classname="script.FarmerTransaction" name="validateQuantity" time="1.674"/>
  <testcase classname="script.FarmerTransaction" name="enterQuantity" time="0.259"/>
  <testcase classname="script.FarmerTransaction" name="validateUnits" time="4.786"/>
  <testcase classname="script.FarmerTransaction" name="validateGrade" time="3.702"/>
  <testcase classname="script.FarmerTransaction" name="validateBasePrice" time="2.421"/>
  <testcase classname="script.FarmerTransaction" name="enterBasePrice" time="0.3"/>
  <testcase classname="script.FarmerTransaction" name="validateSoot" time="2.811"/>
  <testcase classname="script.FarmerTransaction" name="enterSoot" time="1.433"/>
  <testcase classname="script.FarmerTransaction" name="addCrop" time="0.444"/>
  <testcase classname="script.FarmerTransaction" name="addMiscButton" time="0.11"/>
  <testcase classname="script.FarmerTransaction" name="addMisc" time="2.794"/>
  <testcase classname="script.FarmerTransaction" name="validateMisc" time="3.824"/>
  <testcase classname="script.FarmerTransaction" name="deleteIconValidation" time="1.177"/>
  <testcase classname="script.FarmerTransaction" name="searchButton" time="0.049"/>
  <testcase classname="script.FarmerTransaction" name="validateSearchButton" time="6.193"/>
  <testcase classname="script.FarmerTransaction" name="validateAssignButton" time="2.111"/>
  <testcase classname="script.FarmerTransaction" name="assignLoad" time="12.698"/>
  <testcase classname="script.FarmerTransaction" name="saveInvoiceNumber" time="3.131"/>
  <testcase classname="script.FarmerTransaction" name="totalPriceCalculation" time="0.064"/>
  <testcase classname="script.FarmerTransaction" name="invoice" time="13.271"/>
  <testcase classname="script.FarmerTransaction" name="invoiceDownloadOption" time="2.072"/>
  <testcase classname="script.FarmerTransaction" name="updateSoot" time="27.437"/>
  <testcase classname="script.FarmerTransaction" name="transaction" time="0.103"/>
  <testcase classname="script.FarmerTransaction" name="confirmStamp" time="2.1"/>
  <testcase classname="script.FarmerTransaction" name="userDetails" time="2.243"/>
</testsuite> <!-- Admin- Farmer Transaction -->
