<?xml version="1.0" encoding="UTF-8"?>
<!-- Generated by org.testng.reporters.JUnitXMLReporter -->
<testsuite ignored="4" hostname="INBNRMARITA" failures="1" tests="1" name="Closed Reimbursement Status" time="22.002" errors="0" timestamp="2023-05-29T16:31:20 IST">
  <testcase classname="script.ReimbursementHistory" name="validateClosedReimbursement" time="10.601">
    <failure type="java.lang.NumberFormatException" message="For input string: &amp;quot;₹ 966239&amp;quot;">
      <![CDATA[java.lang.NumberFormatException: For input string: "₹ 966239"
at java.base/java.lang.NumberFormatException.forInputString(NumberFormatException.java:68)
at java.base/java.lang.Integer.parseInt(Integer.java:652)
at java.base/java.lang.Integer.parseInt(Integer.java:770)
at script.ReimbursementHistory.validateClosedReimbursement(ReimbursementHistory.java:89)
at java.base/java.util.ArrayList.forEach(ArrayList.java:1511)
... Removed 28 stack frames]]>
    </failure>
  </testcase> <!-- validateClosedReimbursement -->
  <testcase classname="script.ReimbursementHistory" name="validatePendingReimbursement" time="0.0">
    <ignored/>
  </testcase> <!-- validatePendingReimbursement -->
  <testcase classname="script.ReimbursementHistory" name="validateApproverPendingStatus" time="0.0">
    <ignored/>
  </testcase> <!-- validateApproverPendingStatus -->
  <testcase classname="script.ReimbursementHistory" name="validateVerifierPendingStatus" time="0.0">
    <ignored/>
  </testcase> <!-- validateVerifierPendingStatus -->
  <testcase classname="script.ReimbursementHistory" name="validateRejectedReimbursement" time="0.0">
    <ignored/>
  </testcase> <!-- validateRejectedReimbursement -->
</testsuite> <!-- Closed Reimbursement Status -->
