<?xml version="1.0" encoding="UTF-8"?>
<!-- Generated by org.testng.reporters.JUnitXMLReporter -->
<testsuite ignored="4" hostname="INBNRMARITA" failures="0" tests="1" name="Pending Reimbursement Status" time="19.737" errors="0" timestamp="2023-05-29T16:28:34 IST">
  <testcase classname="script.ReimbursementHistory" name="validatePendingReimbursement" time="10.284"/>
  <testcase classname="script.ReimbursementHistory" name="validateApproverPendingStatus" time="0.0">
    <ignored/>
  </testcase> <!-- validateApproverPendingStatus -->
  <testcase classname="script.ReimbursementHistory" name="validateVerifierPendingStatus" time="0.0">
    <ignored/>
  </testcase> <!-- validateVerifierPendingStatus -->
  <testcase classname="script.ReimbursementHistory" name="validateRejectedReimbursement" time="0.0">
    <ignored/>
  </testcase> <!-- validateRejectedReimbursement -->
  <testcase classname="script.ReimbursementHistory" name="validateClosedReimbursement" time="0.0">
    <ignored/>
  </testcase> <!-- validateClosedReimbursement -->
</testsuite> <!-- Pending Reimbursement Status -->
