<?xml version="1.0" encoding="UTF-8"?>
<!-- Generated by org.testng.reporters.JUnitXMLReporter -->
<testsuite ignored="0" hostname="INBNRMARITA" failures="0" tests="4" name="Admin Transport Payments" time="28.605" errors="0" timestamp="2023-05-27T10:56:35 IST">
  <testcase classname="script.GodownAdminTransPayments" name="dateFilterTransportPayments" time="7.269"/>
  <testcase classname="script.GodownAdminTransPayments" name="searchButton" time="0.09"/>
  <testcase classname="script.GodownAdminTransPayments" name="resetButton" time="0.151"/>
  <testcase classname="script.GodownAdminTransPayments" name="transportPayments" time="11.042"/>
</testsuite> <!-- Admin Transport Payments -->
