<?xml version="1.0" encoding="UTF-8"?>
<!-- Generated by org.testng.reporters.JUnitXMLReporter -->
<testsuite ignored="0" hostname="INBNRMARITA" failures="0" tests="11" name="SuperAdmin- Load Track Godown" time="57.544" errors="0" timestamp="2023-05-26T17:53:35 IST">
  <testcase classname="script.GodownLoadTrack" name="phoneNumberField" time="9.975"/>
  <testcase classname="script.GodownLoadTrack" name="radioButtons" time="0.365"/>
  <testcase classname="script.GodownLoadTrack" name="searchButton" time="0.064"/>
  <testcase classname="script.GodownLoadTrack" name="searchButtonColor" time="0.05"/>
  <testcase classname="script.GodownLoadTrack" name="resetButton" time="0.129"/>
  <testcase classname="script.GodownLoadTrack" name="resetButtonColor" time="0.064"/>
  <testcase classname="script.GodownLoadTrack" name="viewMoreActive" time="0.053"/>
  <testcase classname="script.GodownLoadTrack" name="validateactivecard" time="0.09"/>
  <testcase classname="script.GodownLoadTrack" name="validateLoadIdActive" time="24.358"/>
  <testcase classname="script.GodownLoadTrack" name="validateLoadCard" time="7.858"/>
  <testcase classname="script.GodownLoadTrack" name="validateLoadIdLoaded" time="3.259"/>
</testsuite> <!-- SuperAdmin- Load Track Godown -->
