<?xml version="1.0" encoding="UTF-8"?>
<!-- Generated by org.testng.reporters.JUnitXMLReporter -->
<testsuite ignored="0" hostname="INBNRMARITA" failures="1" tests="1" name="Buyer Onboarding" time="65.419" errors="0" timestamp="2022-08-19T15:48:33 IST">
  <testcase classname="script.ConsumerOnboard" name="buyerOnboard" time="55.436">
    <failure type="java.lang.AssertionError" message="null">
      <![CDATA[java.lang.AssertionError: null
at script.ConsumerOnboard.buyerOnboard(ConsumerOnboard.java:171)
at java.base/java.util.ArrayList.forEach(ArrayList.java:1511)
... Removed 29 stack frames]]>
    </failure>
  </testcase> <!-- buyerOnboard -->
</testsuite> <!-- Buyer Onboarding -->
