<?xml version="1.0" encoding="UTF-8"?>
<!-- Generated by org.testng.reporters.JUnitXMLReporter -->
<testsuite ignored="0" hostname="INBNRMARITA" failures="0" tests="13" name="SuperAdmin- Create Godown load" time="59.179" errors="0" timestamp="2022-01-06T15:23:31 IST">
  <testcase classname="script.GodownLoad" name="validateSearchButton" time="13.062"/>
  <testcase classname="script.GodownLoad" name="validateBuyerPhNo" time="16.986"/>
  <testcase classname="script.GodownLoad" name="validateLoadQty" time="2.516"/>
  <testcase classname="script.GodownLoad" name="validateUnits" time="5.363"/>
  <testcase classname="script.GodownLoad" name="verifyButtonColor" time="0.153"/>
  <testcase classname="script.GodownLoad" name="captureLoadId" time="4.18"/>
  <testcase classname="script.GodownLoad" name="validateLogisticsPhNo" time="8.553"/>
  <testcase classname="script.GodownLoad" name="validateDriverName" time="0.589"/>
  <testcase classname="script.GodownLoad" name="validateDriverPhNo" time="0.513"/>
  <testcase classname="script.GodownLoad" name="validateLicenceNumber" time="0.515"/>
  <testcase classname="script.GodownLoad" name="validateVehicleNumber" time="0.493"/>
  <testcase classname="script.GodownLoad" name="advanceAmount" time="1.248"/>
  <testcase classname="script.GodownLoad" name="createLoad" time="0.107"/>
</testsuite> <!-- SuperAdmin- Create Godown load -->
