<?xml version="1.0" encoding="UTF-8"?>
<!-- Generated by org.testng.reporters.JUnitXMLReporter -->
<testsuite ignored="0" hostname="INBNRMARITA" failures="0" tests="22" name="SuperAdmin- Farmer Transaction" time="120.801" errors="0" timestamp="2022-01-10T18:40:29 IST">
  <testcase classname="script.FarmerTransaction" name="farmerLinkValidation" time="5.917"/>
  <testcase classname="script.FarmerTransaction" name="farmerOnboardingPage" time="1.106"/>
  <testcase classname="script.FarmerTransaction" name="searchUser" time="23.547"/>
  <testcase classname="script.FarmerTransaction" name="userCardValidation" time="1.043"/>
  <testcase classname="script.FarmerTransaction" name="categoryValidate" time="7.783"/>
  <testcase classname="script.FarmerTransaction" name="validateQuantity" time="0.584"/>
  <testcase classname="script.FarmerTransaction" name="validateUnits" time="3.507"/>
  <testcase classname="script.FarmerTransaction" name="validateBasePrice" time="1.547"/>
  <testcase classname="script.FarmerTransaction" name="validateSoot" time="2.403"/>
  <testcase classname="script.FarmerTransaction" name="validateMisc" time="6.906"/>
  <testcase classname="script.FarmerTransaction" name="addCrop" time="0.174"/>
  <testcase classname="script.FarmerTransaction" name="deleteIconValidation" time="0.111"/>
  <testcase classname="script.FarmerTransaction" name="validateSearchButton" time="11.043"/>
  <testcase classname="script.FarmerTransaction" name="validateAssignButton" time="2.23"/>
  <testcase classname="script.FarmerTransaction" name="assignLoad" time="13.591"/>
  <testcase classname="script.FarmerTransaction" name="saveInvoiceNumber" time="5.113"/>
  <testcase classname="script.FarmerTransaction" name="invoice" time="17.041"/>
  <testcase classname="script.FarmerTransaction" name="invoiceDownloadOption" time="2.04"/>
  <testcase classname="script.FarmerTransaction" name="updateSoot" time="2.043"/>
  <testcase classname="script.FarmerTransaction" name="transaction" time="0.068"/>
  <testcase classname="script.FarmerTransaction" name="confirmStamp" time="0.048"/>
  <testcase classname="script.FarmerTransaction" name="userDetails" time="2.165"/>
</testsuite> <!-- SuperAdmin- Farmer Transaction -->
