<?xml version="1.0" encoding="UTF-8"?>
<!-- Generated by org.testng.reporters.JUnitXMLReporter -->
<testsuite ignored="0" hostname="INBNRMARITA" failures="0" tests="17" name="SuperAdmin- Farmer Transaction Consumerr" time="51.714" errors="0" timestamp="2022-04-06T19:05:10 IST">
  <testcase classname="script.NewLoadTrack" name="searchButton" time="6.747"/>
  <testcase classname="script.NewLoadTrack" name="searchButtonColor" time="2.038"/>
  <testcase classname="script.NewLoadTrack" name="resetButton" time="2.063"/>
  <testcase classname="script.NewLoadTrack" name="resetButtonColor" time="2.119"/>
  <testcase classname="script.NewLoadTrack" name="viewMoreActive" time="0.047"/>
  <testcase classname="script.NewLoadTrack" name="validateactivecard" time="0.088"/>
  <testcase classname="script.NewLoadTrack" name="validateActiveStage" time="13.419"/>
  <testcase classname="script.NewLoadTrack" name="invoiceDownloadLoaded" time="3.372"/>
  <testcase classname="script.NewLoadTrack" name="viewMoreLoaded" time="0.0"/>
  <testcase classname="script.NewLoadTrack" name="validateloadedcard" time="0.071"/>
  <testcase classname="script.NewLoadTrack" name="validateLoadedStage" time="5.327"/>
  <testcase classname="script.NewLoadTrack" name="invoiceDownloadUnloaded" time="2.261"/>
  <testcase classname="script.NewLoadTrack" name="viewMoreOptionUnloadedStage" time="0.001"/>
  <testcase classname="script.NewLoadTrack" name="loadIdUnloadedStage" time="0.125"/>
  <testcase classname="script.NewLoadTrack" name="cropNameUnloadedStage" time="0.026"/>
  <testcase classname="script.NewLoadTrack" name="validateUnloadedStage" time="5.526"/>
  <testcase classname="script.NewLoadTrack" name="validateUnloadedStatus" time="0.161"/>
</testsuite> <!-- SuperAdmin- Farmer Transaction Consumerr -->
