<?xml version="1.0" encoding="UTF-8"?>
<!-- Generated by org.testng.reporters.JUnitXMLReporter -->
<testsuite ignored="5" hostname="INBNRMARITA" failures="5" tests="29" name="SuperAdmin- Farmer Transaction" time="299.577" errors="0" timestamp="2022-04-06T18:58:20 IST">
  <testcase classname="script.NewFarmerTransaction" name="farmerLinkValidation" time="6.431"/>
  <testcase classname="script.NewFarmerTransaction" name="farmerOnboardingPage" time="1.247"/>
  <testcase classname="script.NewFarmerTransaction" name="searchUser" time="24.512"/>
  <testcase classname="script.NewFarmerTransaction" name="userCardValidation" time="1.067"/>
  <testcase classname="script.NewFarmerTransaction" name="categoryValidate" time="8.065"/>
  <testcase classname="script.NewFarmerTransaction" name="addMiscButton" time="12.031"/>
  <testcase classname="script.NewFarmerTransaction" name="validateQuantity" time="0.898"/>
  <testcase classname="script.NewFarmerTransaction" name="validateUnits" time="3.935"/>
  <testcase classname="script.NewFarmerTransaction" name="validateBasePrice" time="1.709"/>
  <testcase classname="script.NewFarmerTransaction" name="validateSoot" time="2.95"/>
  <testcase classname="script.NewFarmerTransaction" name="addCrop" time="0.23"/>
  <testcase classname="script.NewFarmerTransaction" name="validateMisc" time="8.202"/>
  <testcase classname="script.NewFarmerTransaction" name="deleteIconValidation" time="0.063"/>
  <testcase classname="script.NewFarmerTransaction" name="validateSearchButton" time="11.431"/>
  <testcase classname="script.NewFarmerTransaction" name="validateAssignButton" time="2.266"/>
  <testcase classname="script.NewFarmerTransaction" name="assignLoad" time="36.305"/>
  <testcase classname="script.NewFarmerTransaction" name="saveInvoiceNumber" time="5.114"/>
  <testcase classname="script.NewFarmerTransaction" name="invoice" time="15.189"/>
  <testcase classname="script.NewFarmerTransaction" name="bankconfirm" time="12.497">
    <failure type="java.lang.AssertionError" message="expected [Enter Payment Date] but found []">
      <![CDATA[java.lang.AssertionError: expected [Enter Payment Date] but found []
at script.NewFarmerTransaction.bankconfirm(NewFarmerTransaction.java:613)
at java.base/java.util.ArrayList.forEach(ArrayList.java:1511)
... Removed 34 stack frames]]>
    </failure>
  </testcase> <!-- bankconfirm -->
  <testcase classname="script.NewFarmerTransaction" name="invoiceConfirm" time="7.274">
    <failure type="java.lang.AssertionError" message="null">
      <![CDATA[java.lang.AssertionError: null
at script.NewFarmerTransaction.invoiceConfirm(NewFarmerTransaction.java:658)
at java.base/java.util.ArrayList.forEach(ArrayList.java:1511)
... Removed 30 stack frames]]>
    </failure>
  </testcase> <!-- invoiceConfirm -->
  <testcase classname="script.NewFarmerTransaction" name="updateSoot" time="17.064"/>
  <testcase classname="script.NewFarmerTransaction" name="updateSootButton" time="2.049"/>
  <testcase classname="script.NewFarmerTransaction" name="updateSootButtonColor" time="2.199"/>
  <testcase classname="script.NewFarmerTransaction" name="confirmtButtonColor" time="12.047"/>
  <testcase classname="script.NewFarmerTransaction" name="updateMisc" time="12.071"/>
  <testcase classname="script.NewFarmerTransaction" name="addMiscButtonColor" time="2.035"/>
  <testcase classname="script.NewFarmerTransaction" name="ValidateMisc" time="64.839">
    <failure type="java.lang.AssertionError" message="null">
      <![CDATA[java.lang.AssertionError: null
at script.NewFarmerTransaction.ValidateMisc(NewFarmerTransaction.java:837)
at java.base/java.util.ArrayList.forEach(ArrayList.java:1511)
... Removed 30 stack frames]]>
    </failure>
  </testcase> <!-- ValidateMisc -->
  <testcase classname="script.NewFarmerTransaction" name="invoiceDownloadOption" time="12.023">
    <failure type="java.lang.AssertionError" message="null">
      <![CDATA[java.lang.AssertionError: null
at script.NewFarmerTransaction.invoiceDownloadOption(NewFarmerTransaction.java:854)
at java.base/java.util.ArrayList.forEach(ArrayList.java:1511)
... Removed 30 stack frames]]>
    </failure>
  </testcase> <!-- invoiceDownloadOption -->
  <testcase classname="script.NewFarmerTransaction" name="centerpending" time="7.136">
    <failure type="java.lang.AssertionError" message="null">
      <![CDATA[java.lang.AssertionError: null
at script.NewFarmerTransaction.centerpending(NewFarmerTransaction.java:879)
at java.base/java.util.ArrayList.forEach(ArrayList.java:1511)
... Removed 30 stack frames]]>
    </failure>
  </testcase> <!-- centerpending -->
  <testcase classname="script.NewFarmerTransaction" name="phonenumberfilter" time="0.0">
    <ignored/>
  </testcase> <!-- phonenumberfilter -->
  <testcase classname="script.NewFarmerTransaction" name="paymentpendingfilter" time="0.0">
    <ignored/>
  </testcase> <!-- paymentpendingfilter -->
  <testcase classname="script.NewFarmerTransaction" name="invoicenumberfilter" time="0.0">
    <ignored/>
  </testcase> <!-- invoicenumberfilter -->
  <testcase classname="script.NewFarmerTransaction" name="paymentclosedfilter" time="0.0">
    <ignored/>
  </testcase> <!-- paymentclosedfilter -->
  <testcase classname="script.NewFarmerTransaction" name="paymentcompletedfilter" time="0.0">
    <ignored/>
  </testcase> <!-- paymentcompletedfilter -->
</testsuite> <!-- SuperAdmin- Farmer Transaction -->
