<?xml version="1.0" encoding="UTF-8"?>
<!-- Generated by org.testng.reporters.JUnitXMLReporter -->
<testsuite ignored="0" hostname="INBNRMARITA" failures="0" tests="18" name="Logistics Load creation" time="71.198" errors="0" timestamp="2022-02-22T11:19:13 IST">
  <testcase classname="script.LogisticsLoadCreation" name="poApproval" time="0.016"/>
  <testcase classname="script.LogisticsLoadCreation" name="validateSearchButton" time="17.635"/>
  <testcase classname="script.LogisticsLoadCreation" name="buyerUserCardValidation" time="0.116"/>
  <testcase classname="script.LogisticsLoadCreation" name="validateCropName" time="11.428"/>
  <testcase classname="script.LogisticsLoadCreation" name="validatePoId" time="3.541"/>
  <testcase classname="script.LogisticsLoadCreation" name="validateLoadQty" time="5.818"/>
  <testcase classname="script.LogisticsLoadCreation" name="validateUnits" time="5.42"/>
  <testcase classname="script.LogisticsLoadCreation" name="verifyButtonColor" time="0.189"/>
  <testcase classname="script.LogisticsLoadCreation" name="captureLoadId" time="4.361"/>
  <testcase classname="script.LogisticsLoadCreation" name="logisticsLinkValidation" time="0.079"/>
  <testcase classname="script.LogisticsLoadCreation" name="validateLogisticsPhNo" time="9.625"/>
  <testcase classname="script.LogisticsLoadCreation" name="logisticsUserCardValidation" time="0.112"/>
  <testcase classname="script.LogisticsLoadCreation" name="validateDriverName" time="0.845"/>
  <testcase classname="script.LogisticsLoadCreation" name="validateDriverPhNo" time="0.648"/>
  <testcase classname="script.LogisticsLoadCreation" name="validateLicenceNumber" time="0.7"/>
  <testcase classname="script.LogisticsLoadCreation" name="validateVehicleNumber" time="0.654"/>
  <testcase classname="script.LogisticsLoadCreation" name="advanceAmount" time="1.325"/>
  <testcase classname="script.LogisticsLoadCreation" name="createLoad" time="1.176"/>
</testsuite> <!-- Logistics Load creation -->
