<?xml version="1.0" encoding="UTF-8"?>
<!-- Generated by org.testng.reporters.JUnitXMLReporter -->
<testsuite ignored="2" hostname="INBNRMARITA" failures="0" tests="41" name="PO creation" time="241.997" errors="0" timestamp="2022-02-04T15:06:25 IST">
  <testcase classname="script.LogisticsPoCreation" name="buyerLinkValidation" time="2.962"/>
  <testcase classname="script.LogisticsPoCreation" name="buyerOnboardingPage" time="1.128"/>
  <testcase classname="script.LogisticsPoCreation" name="searchUser" time="31.545"/>
  <testcase classname="script.LogisticsPoCreation" name="userCardValidation" time="0.06"/>
  <testcase classname="script.LogisticsPoCreation" name="validateCategory" time="6.63"/>
  <testcase classname="script.LogisticsPoCreation" name="validateQuantity" time="8.696"/>
  <testcase classname="script.LogisticsPoCreation" name="validateUnit" time="3.314"/>
  <testcase classname="script.LogisticsPoCreation" name="validatePrice" time="8.804"/>
  <testcase classname="script.LogisticsPoCreation" name="addCrop" time="0.067"/>
  <testcase classname="script.LogisticsPoCreation" name="poDates" time="8.986"/>
  <testcase classname="script.LogisticsPoCreation" name="deliveryDistrictValidation" time="18.594"/>
  <testcase classname="script.LogisticsPoCreation" name="cancelPoValidation" time="4.283"/>
  <testcase classname="script.LogisticsPoCreation" name="generatePO" time="5.16"/>
  <testcase classname="script.LogisticsPoCreation" name="poCreation" time="1.14"/>
  <testcase classname="script.LogisticsLoadCreation" name="poApproval" time="23.013"/>
  <testcase classname="script.LogisticsLoadCreation" name="validateSearchButton" time="16.681"/>
  <testcase classname="script.LogisticsLoadCreation" name="buyerUserCardValidation" time="0.066"/>
  <testcase classname="script.LogisticsLoadCreation" name="validateCropName" time="11.33"/>
  <testcase classname="script.LogisticsLoadCreation" name="validatePoId" time="3.411"/>
  <testcase classname="script.LogisticsLoadCreation" name="validateLoadQty" time="5.515"/>
  <testcase classname="script.LogisticsLoadCreation" name="validateUnits" time="5.226"/>
  <testcase classname="script.LogisticsLoadCreation" name="verifyButtonColor" time="0.159"/>
  <testcase classname="script.LogisticsLoadCreation" name="captureLoadId" time="4.178"/>
  <testcase classname="script.LogisticsLoadCreation" name="logisticsLinkValidation" time="0.046"/>
  <testcase classname="script.LogisticsLoadCreation" name="validateLogisticsPhNo" time="8.419"/>
  <testcase classname="script.LogisticsLoadCreation" name="logisticsUserCardValidation" time="0.082"/>
  <testcase classname="script.LogisticsLoadCreation" name="validateDriverName" time="0.606"/>
  <testcase classname="script.LogisticsLoadCreation" name="validateDriverPhNo" time="0.404"/>
  <testcase classname="script.LogisticsLoadCreation" name="validateLicenceNumber" time="0.408"/>
  <testcase classname="script.LogisticsLoadCreation" name="validateVehicleNumber" time="0.378"/>
  <testcase classname="script.LogisticsLoadCreation" name="advanceAmount" time="1.189"/>
  <testcase classname="script.LogisticsLoadCreation" name="createLoad" time="1.117"/>
  <testcase classname="script.LogisticsLoadTrack" name="viewMoreActive" time="7.025"/>
  <testcase classname="script.LogisticsLoadTrack" name="validateActiveStage" time="14.086"/>
  <testcase classname="script.LogisticsLoadTrack" name="invoiceDownloadLoaded" time="3.189"/>
  <testcase classname="script.LogisticsLoadTrack" name="viewMoreLoaded" time="0.001"/>
  <testcase classname="script.LogisticsLoadTrack" name="validateLoadedStage" time="5.327"/>
  <testcase classname="script.LogisticsLoadTrack" name="invoiceDownloadUnloaded" time="2.143"/>
  <testcase classname="script.LogisticsLoadTrack" name="viewMoreOption" time="0.001"/>
  <testcase classname="script.LogisticsLoadTrack" name="validateUnloadedStage" time="6.415"/>
  <testcase classname="script.LogisticsLoadTrack" name="validateUnloadedStatus" time="0.032"/>
  <testcase classname="generic.WebBase" name="@BeforeTest userRole" time="0.0">
    <ignored/>
  </testcase> <!-- @BeforeTest userRole -->
  <testcase classname="generic.WebBase" name="@BeforeTest userRole" time="0.0">
    <ignored/>
  </testcase> <!-- @BeforeTest userRole -->
</testsuite> <!-- PO creation -->
