<?xml version="1.0" encoding="UTF-8"?>
<!-- Generated by org.testng.reporters.JUnitXMLReporter -->
<testsuite ignored="0" hostname="INBNRMARITA" failures="0" tests="4" name="Super Admin Farmer Payments" time="21.373" errors="0" timestamp="2021-12-07T16:39:39 IST">
  <testcase classname="script.SuperAdminDSCPayments" name="dateFilterFarmerPayments" time="8.349"/>
  <testcase classname="script.SuperAdminDSCPayments" name="invoiceDownloadOptionPending" time="0.045"/>
  <testcase classname="script.SuperAdminDSCPayments" name="approvePayments" time="2.15"/>
  <testcase classname="script.SuperAdminDSCPayments" name="invoiceDownloadOptionApproved" time="2.076"/>
</testsuite> <!-- Super Admin Farmer Payments -->
