<?xml version="1.0" encoding="UTF-8"?>
<!-- Generated by org.testng.reporters.JUnitXMLReporter -->
<testsuite ignored="4" hostname="INBNRMARITA" failures="0" tests="6" name="Admin- PO Close validation after ft " time="26.499" errors="0" timestamp="2022-04-12T12:50:32 IST">
  <testcase classname="script.NewPoTracking" name="validateclosePO" time="9.436"/>
  <testcase classname="script.NewPoTracking" name="validatefilterafterFT" time="4.631"/>
  <testcase classname="script.NewPoTracking" name="validateponumberafterft" time="1.038"/>
  <testcase classname="script.NewPoTracking" name="poclose" time="0.056"/>
  <testcase classname="script.NewPoTracking" name="searchtnclr" time="2.028"/>
  <testcase classname="script.NewPoTracking" name="resetbtnclr" time="2.043"/>
  <testcase classname="script.NewPoTracking" name="validatecancelPO" time="0.0">
    <ignored/>
  </testcase> <!-- validatecancelPO -->
  <testcase classname="script.NewPoTracking" name="validateponumber" time="0.0">
    <ignored/>
  </testcase> <!-- validateponumber -->
  <testcase classname="script.NewPoTracking" name="pocancel" time="0.0">
    <ignored/>
  </testcase> <!-- pocancel -->
  <testcase classname="script.NewPoTracking" name="validatefilter" time="0.0">
    <ignored/>
  </testcase> <!-- validatefilter -->
</testsuite> <!-- Admin- PO Close validation after ft  -->
