<?xml version="1.0" encoding="UTF-8"?>
<!-- Generated by org.testng.reporters.JUnitXMLReporter -->
<testsuite ignored="6" hostname="INBNRMARITA" failures="0" tests="4" name="Admin- DSC Payments" time="28.55" errors="0" timestamp="2022-05-19T17:21:42 IST">
  <testcase classname="script.AdminDSCPayments" name="dateFilterFarmerPayments" time="8.259"/>
  <testcase classname="script.AdminDSCPayments" name="approvePayments" time="4.347"/>
  <testcase classname="script.AdminDSCPayments" name="dateFilterTransportPayments" time="3.358"/>
  <testcase classname="script.AdminDSCPayments" name="transportPayments" time="8.394"/>
  <testcase classname="script.AdminDSCPayments" name="resetButtonTransport" time="0.0">
    <ignored/>
  </testcase> <!-- resetButtonTransport -->
  <testcase classname="script.AdminDSCPayments" name="invoiceDownloadOptionPending" time="0.0">
    <ignored/>
  </testcase> <!-- invoiceDownloadOptionPending -->
  <testcase classname="script.AdminDSCPayments" name="searchButton" time="0.0">
    <ignored/>
  </testcase> <!-- searchButton -->
  <testcase classname="script.AdminDSCPayments" name="resetButton" time="0.0">
    <ignored/>
  </testcase> <!-- resetButton -->
  <testcase classname="script.AdminDSCPayments" name="invoiceDownloadOptionApproved" time="0.0">
    <ignored/>
  </testcase> <!-- invoiceDownloadOptionApproved -->
  <testcase classname="script.AdminDSCPayments" name="searchButtonTransport" time="0.0">
    <ignored/>
  </testcase> <!-- searchButtonTransport -->
</testsuite> <!-- Admin- DSC Payments -->
