<?xml version="1.0" encoding="UTF-8"?>
<!-- Generated by org.testng.reporters.JUnitXMLReporter -->
<testsuite ignored="1" hostname="INBNRMARITA" failures="0" tests="9" name="Admin- Edit purchase order" time="20.509" errors="0" timestamp="2022-04-12T12:50:53 IST">
  <testcase classname="script.NewEditPurchaseOrder" name="seacrhButton" time="7.048"/>
  <testcase classname="script.NewEditPurchaseOrder" name="resetButton" time="2.144"/>
  <testcase classname="script.NewEditPurchaseOrder" name="poid" time="0.087"/>
  <testcase classname="script.NewEditPurchaseOrder" name="companyName" time="0.063"/>
  <testcase classname="script.NewEditPurchaseOrder" name="poNumberEndsWithField" time="1.532"/>
  <testcase classname="script.NewEditPurchaseOrder" name="cropName" time="1.15"/>
  <testcase classname="script.NewEditPurchaseOrder" name="editButton" time="0.246"/>
  <testcase classname="script.NewEditPurchaseOrder" name="honorDistrict" time="0.384"/>
  <testcase classname="script.NewEditPurchaseOrder" name="editQuantity" time="0.691"/>
  <testcase classname="script.NewEditPurchaseOrder" name="updateQuantity" time="0.0">
    <ignored/>
  </testcase> <!-- updateQuantity -->
</testsuite> <!-- Admin- Edit purchase order -->
