<?xml version="1.0" encoding="UTF-8"?>
<!-- Generated by org.testng.reporters.JUnitXMLReporter -->
<testsuite ignored="0" hostname="INBNRMARITA" failures="0" tests="17" name="Admin- Farmer Transaction Consumerr" time="49.808" errors="0" timestamp="2022-04-12T12:50:06 IST">
  <testcase classname="script.NewLoadTrack" name="searchButton" time="6.14"/>
  <testcase classname="script.NewLoadTrack" name="searchButtonColor" time="2.045"/>
  <testcase classname="script.NewLoadTrack" name="resetButton" time="2.086"/>
  <testcase classname="script.NewLoadTrack" name="resetButtonColor" time="2.065"/>
  <testcase classname="script.NewLoadTrack" name="viewMoreActive" time="0.123"/>
  <testcase classname="script.NewLoadTrack" name="validateactivecard" time="0.09"/>
  <testcase classname="script.NewLoadTrack" name="validateActiveStage" time="13.26"/>
  <testcase classname="script.NewLoadTrack" name="invoiceDownloadLoaded" time="3.645"/>
  <testcase classname="script.NewLoadTrack" name="viewMoreLoaded" time="0.001"/>
  <testcase classname="script.NewLoadTrack" name="validateloadedcard" time="0.069"/>
  <testcase classname="script.NewLoadTrack" name="validateLoadedStage" time="5.305"/>
  <testcase classname="script.NewLoadTrack" name="invoiceDownloadUnloaded" time="2.2"/>
  <testcase classname="script.NewLoadTrack" name="viewMoreOptionUnloadedStage" time="0.001"/>
  <testcase classname="script.NewLoadTrack" name="loadIdUnloadedStage" time="0.199"/>
  <testcase classname="script.NewLoadTrack" name="cropNameUnloadedStage" time="0.037"/>
  <testcase classname="script.NewLoadTrack" name="validateUnloadedStage" time="5.546"/>
  <testcase classname="script.NewLoadTrack" name="validateUnloadedStatus" time="0.128"/>
</testsuite> <!-- Admin- Farmer Transaction Consumerr -->
