<?xml version="1.0" encoding="UTF-8"?>
<!-- Generated by org.testng.reporters.JUnitXMLReporter -->
<testsuite ignored="17" hostname="INBNRMARITA" failures="0" tests="16" name="Admin- Create Load" time="75.382" errors="0" timestamp="2022-05-19T17:18:47 IST">
  <testcase classname="script.LoadCreation" name="poApproval" time="19.385"/>
  <testcase classname="script.LoadCreation" name="buyerLinkValidation" time="3.878"/>
  <testcase classname="script.LoadCreation" name="enterPhoneNumber" time="4.359"/>
  <testcase classname="script.LoadCreation" name="validateCropName" time="11.475"/>
  <testcase classname="script.LoadCreation" name="validatePoId" time="3.565"/>
  <testcase classname="script.LoadCreation" name="validateUnits" time="8.451"/>
  <testcase classname="script.LoadCreation" name="enterQuantity" time="1.139"/>
  <testcase classname="script.LoadCreation" name="generateLoadIdButton" time="2.183"/>
  <testcase classname="script.LoadCreation" name="captureLoadId" time="4.039"/>
  <testcase classname="script.LoadCreation" name="validateLogisticsPhNo" time="8.55"/>
  <testcase classname="script.LoadCreation" name="enterDriverName" time="0.204"/>
  <testcase classname="script.LoadCreation" name="enterDriverNumber" time="0.167"/>
  <testcase classname="script.LoadCreation" name="enterLicenceNumber" time="0.127"/>
  <testcase classname="script.LoadCreation" name="enterVehicleNumber" time="0.113"/>
  <testcase classname="script.LoadCreation" name="advanceAmount" time="1.175"/>
  <testcase classname="script.LoadCreation" name="createLoad" time="1.171"/>
  <testcase classname="script.LoadCreation" name="validateQtyExceed" time="0.0">
    <ignored/>
  </testcase> <!-- validateQtyExceed -->
  <testcase classname="script.LoadCreation" name="validatePhoneNumber" time="0.0">
    <ignored/>
  </testcase> <!-- validatePhoneNumber -->
  <testcase classname="script.LoadCreation" name="validateSearchButton" time="0.0">
    <ignored/>
  </testcase> <!-- validateSearchButton -->
  <testcase classname="script.LoadCreation" name="buyerOnboardingPage" time="0.0">
    <ignored/>
  </testcase> <!-- buyerOnboardingPage -->
  <testcase classname="script.LoadCreation" name="verifyCancelButton" time="0.0">
    <ignored/>
  </testcase> <!-- verifyCancelButton -->
  <testcase classname="script.LoadCreation" name="validateDriverName" time="0.0">
    <ignored/>
  </testcase> <!-- validateDriverName -->
  <testcase classname="script.LoadCreation" name="validateLoadQty" time="0.0">
    <ignored/>
  </testcase> <!-- validateLoadQty -->
  <testcase classname="script.LoadCreation" name="searchButton" time="0.0">
    <ignored/>
  </testcase> <!-- searchButton -->
  <testcase classname="script.LoadCreation" name="logisticsLinkValidation" time="0.0">
    <ignored/>
  </testcase> <!-- logisticsLinkValidation -->
  <testcase classname="script.LoadCreation" name="logisticsUserCardValidation" time="0.0">
    <ignored/>
  </testcase> <!-- logisticsUserCardValidation -->
  <testcase classname="script.LoadCreation" name="validateVehicleNumber" time="0.0">
    <ignored/>
  </testcase> <!-- validateVehicleNumber -->
  <testcase classname="script.LoadCreation" name="createButton" time="0.0">
    <ignored/>
  </testcase> <!-- createButton -->
  <testcase classname="script.LoadCreation" name="validateDriverPhNo" time="0.0">
    <ignored/>
  </testcase> <!-- validateDriverPhNo -->
  <testcase classname="script.LoadCreation" name="buyerNameValidation" time="0.0">
    <ignored/>
  </testcase> <!-- buyerNameValidation -->
  <testcase classname="script.LoadCreation" name="editDeleteValidation" time="0.0">
    <ignored/>
  </testcase> <!-- editDeleteValidation -->
  <testcase classname="script.LoadCreation" name="validateLicenceNumber" time="0.0">
    <ignored/>
  </testcase> <!-- validateLicenceNumber -->
  <testcase classname="script.LoadCreation" name="editPopup" time="0.0">
    <ignored/>
  </testcase> <!-- editPopup -->
</testsuite> <!-- Admin- Create Load -->
