<?xml version="1.0" encoding="UTF-8"?>
<!-- Generated by org.testng.reporters.JUnitXMLReporter -->
<testsuite ignored="1" hostname="INBNRMARITA" failures="0" tests="9" name="BDE- Edit purchase order" time="18.847" errors="0" timestamp="2022-04-07T15:22:23 IST">
  <testcase classname="script.NewEditPurchaseOrder" name="seacrhButton" time="7.167"/>
  <testcase classname="script.NewEditPurchaseOrder" name="resetButton" time="2.049"/>
  <testcase classname="script.NewEditPurchaseOrder" name="poid" time="0.063"/>
  <testcase classname="script.NewEditPurchaseOrder" name="companyName" time="0.033"/>
  <testcase classname="script.NewEditPurchaseOrder" name="poNumberEndsWithField" time="1.606"/>
  <testcase classname="script.NewEditPurchaseOrder" name="cropName" time="1.144"/>
  <testcase classname="script.NewEditPurchaseOrder" name="editButton" time="0.257"/>
  <testcase classname="script.NewEditPurchaseOrder" name="honorDistrict" time="0.277"/>
  <testcase classname="script.NewEditPurchaseOrder" name="editQuantity" time="0.499"/>
  <testcase classname="script.NewEditPurchaseOrder" name="updateQuantity" time="0.0">
    <ignored/>
  </testcase> <!-- updateQuantity -->
</testsuite> <!-- BDE- Edit purchase order -->
