<?xml version="1.0" encoding="UTF-8"?>
<!-- Generated by org.testng.reporters.JUnitXMLReporter -->
<testsuite ignored="0" hostname="INBNRMARITA" failures="1" tests="1" name="Sanity Test" time="6.991" errors="0" timestamp="2022-05-16T13:35:05 IST">
  <testcase classname="script.logintest" name="GenerateIdButton" time="6.907">
    <failure type="java.lang.AssertionError" message="null">
      <![CDATA[java.lang.AssertionError: null
at script.logintest.GenerateIdButton(logintest.java:88)
at java.base/java.util.ArrayList.forEach(ArrayList.java:1511)
... Removed 29 stack frames]]>
    </failure>
  </testcase> <!-- GenerateIdButton -->
</testsuite> <!-- Sanity Test -->
