<?xml version="1.0" encoding="UTF-8"?>
<!-- Generated by org.testng.reporters.JUnitXMLReporter -->
<testsuite ignored="0" hostname="INBNRMARITA" failures="0" tests="17" name="BDE- PO creation" time="108.367" errors="0" timestamp="2022-04-06T18:36:33 IST">
  <testcase classname="script.CreatePO" name="buyerLinkValidation" time="3.211"/>
  <testcase classname="script.CreatePO" name="buyerOnboardingPage" time="1.121"/>
  <testcase classname="script.CreatePO" name="searchButton" time="7.536"/>
  <testcase classname="script.CreatePO" name="searchUser" time="20.316"/>
  <testcase classname="script.CreatePO" name="userCardValidation" time="0.076"/>
  <testcase classname="script.CreatePO" name="addCropButton" time="1.203"/>
  <testcase classname="script.CreatePO" name="validateCategory" time="5.582"/>
  <testcase classname="script.CreatePO" name="validateQuantity" time="8.816"/>
  <testcase classname="script.CreatePO" name="validateUnit" time="4.745"/>
  <testcase classname="script.CreatePO" name="validatePrice" time="9.017"/>
  <testcase classname="script.CreatePO" name="addCrop" time="0.181"/>
  <testcase classname="script.CreatePO" name="validateAddCropButton" time="1.131"/>
  <testcase classname="script.CreatePO" name="poDates" time="9.383"/>
  <testcase classname="script.CreatePO" name="deliveryDistrictValidation" time="17.66"/>
  <testcase classname="script.CreatePO" name="cancelPoValidation" time="4.357"/>
  <testcase classname="script.CreatePO" name="generatePO" time="5.204"/>
  <testcase classname="script.CreatePO" name="poCreation" time="1.212"/>
</testsuite> <!-- BDE- PO creation -->
