<?xml version="1.0" encoding="UTF-8"?>
<!-- Generated by org.testng.reporters.JUnitXMLReporter -->
<testsuite ignored="1" hostname="INBNRMARITA" failures="0" tests="9" name="BDE- Update purchase order" time="28.14" errors="0" timestamp="2022-04-06T18:37:01 IST">
  <testcase classname="script.NewEditPurchaseOrder" name="seacrhButton" time="6.848"/>
  <testcase classname="script.NewEditPurchaseOrder" name="resetButton" time="2.03"/>
  <testcase classname="script.NewEditPurchaseOrder" name="poid" time="0.051"/>
  <testcase classname="script.NewEditPurchaseOrder" name="companyName" time="0.043"/>
  <testcase classname="script.NewEditPurchaseOrder" name="poNumberEndsWithField" time="1.575"/>
  <testcase classname="script.NewEditPurchaseOrder" name="cropName" time="1.243"/>
  <testcase classname="script.NewEditPurchaseOrder" name="editButton" time="0.265"/>
  <testcase classname="script.NewEditPurchaseOrder" name="honorDistrict" time="0.492"/>
  <testcase classname="script.NewEditPurchaseOrder" name="updateQuantity" time="1.067"/>
  <testcase classname="script.NewEditPurchaseOrder" name="editQuantity" time="0.0">
    <ignored/>
  </testcase> <!-- editQuantity -->
</testsuite> <!-- BDE- Update purchase order -->
