<?xml version="1.0" encoding="UTF-8"?>
<!-- Generated by org.testng.reporters.JUnitXMLReporter -->
<testsuite ignored="1" hostname="INBNRMARITA" failures="0" tests="20" name="BDE- Load Creation" time="76.118" errors="0" timestamp="2022-04-06T18:38:24 IST">
  <testcase classname="script.LoadCreation" name="validateSearchButton" time="15.538"/>
  <testcase classname="script.LoadCreation" name="buyerUserCardValidation" time="0.086"/>
  <testcase classname="script.LoadCreation" name="validateCropName" time="11.547"/>
  <testcase classname="script.LoadCreation" name="validatePoId" time="3.592"/>
  <testcase classname="script.LoadCreation" name="validateLoadQty" time="5.717"/>
  <testcase classname="script.LoadCreation" name="validateUnits" time="5.289"/>
  <testcase classname="script.LoadCreation" name="validateQtyExceed" time="2.267"/>
  <testcase classname="script.LoadCreation" name="verifyButtonColor" time="0.197"/>
  <testcase classname="script.LoadCreation" name="captureLoadId" time="4.249"/>
  <testcase classname="script.LoadCreation" name="logisticsLinkValidation" time="0.051"/>
  <testcase classname="script.LoadCreation" name="validateLogisticsPhNo" time="8.849"/>
  <testcase classname="script.LoadCreation" name="logisticsUserCardValidation" time="0.109"/>
  <testcase classname="script.LoadCreation" name="validateDriverName" time="0.681"/>
  <testcase classname="script.LoadCreation" name="validateDriverPhNo" time="0.492"/>
  <testcase classname="script.LoadCreation" name="validateLicenceNumber" time="0.574"/>
  <testcase classname="script.LoadCreation" name="validateVehicleNumber" time="0.555"/>
  <testcase classname="script.LoadCreation" name="advanceAmount" time="1.294"/>
  <testcase classname="script.LoadCreation" name="createLoad" time="1.258"/>
  <testcase classname="script.LoadCreation" name="editDeleteValidation" time="2.309"/>
  <testcase classname="script.LoadCreation" name="editPopup" time="4.846"/>
  <testcase classname="script.LoadCreation" name="poApproval" time="0.0">
    <ignored/>
  </testcase> <!-- poApproval -->
</testsuite> <!-- BDE- Load Creation -->
