<?xml version="1.0" encoding="UTF-8"?>
<!-- Generated by org.testng.reporters.JUnitXMLReporter -->
<testsuite ignored="0" hostname="INBNRMARITA" failures="0" tests="37" name="Admin- Farmer to godown" time="142.26" errors="0" timestamp="2023-05-26T16:44:25 IST">
  <testcase classname="script.FarmerGodown" name="farmerLinkValidation" time="8.925"/>
  <testcase classname="script.FarmerGodown" name="farmerOnboardingPage" time="4.304"/>
  <testcase classname="script.FarmerGodown" name="searchButtonValidation" time="0.041"/>
  <testcase classname="script.FarmerGodown" name="validateSearchBtn" time="0.042"/>
  <testcase classname="script.FarmerGodown" name="validatePhoneNumber" time="6.884"/>
  <testcase classname="script.FarmerGodown" name="enterPhoneNumber" time="16.07"/>
  <testcase classname="script.FarmerGodown" name="userCardValidation" time="1.073"/>
  <testcase classname="script.FarmerGodown" name="validateAddCropBtn" time="2.347"/>
  <testcase classname="script.FarmerGodown" name="saveButton" time="2.098"/>
  <testcase classname="script.FarmerGodown" name="validateCategory" time="2.427"/>
  <testcase classname="script.FarmerGodown" name="selectCategory" time="1.76"/>
  <testcase classname="script.FarmerGodown" name="ValidateCropName" time="3.302"/>
  <testcase classname="script.FarmerGodown" name="validateQuantity" time="1.349"/>
  <testcase classname="script.FarmerGodown" name="enterQuantity" time="0.358"/>
  <testcase classname="script.FarmerGodown" name="validateUnits" time="2.764"/>
  <testcase classname="script.FarmerGodown" name="selectUnits" time="5.258"/>
  <testcase classname="script.FarmerGodown" name="validateGrade" time="0.763"/>
  <testcase classname="script.FarmerGodown" name="validateBasePrice" time="2.402"/>
  <testcase classname="script.FarmerGodown" name="enterBasePrice" time="0.472"/>
  <testcase classname="script.FarmerGodown" name="validateSoot" time="2.161"/>
  <testcase classname="script.FarmerGodown" name="enterSoot" time="1.541"/>
  <testcase classname="script.FarmerGodown" name="addCrop" time="0.167"/>
  <testcase classname="script.FarmerGodown" name="addMiscButton" time="0.151"/>
  <testcase classname="script.FarmerGodown" name="addMisc" time="3.677"/>
  <testcase classname="script.FarmerGodown" name="validateMisc" time="3.709"/>
  <testcase classname="script.FarmerGodown" name="deleteIconValidation" time="0.2"/>
  <testcase classname="script.FarmerGodown" name="searchButton" time="0.062"/>
  <testcase classname="script.FarmerGodown" name="validateSearchButton" time="7.16"/>
  <testcase classname="script.FarmerGodown" name="validateAssignButton" time="3.465"/>
  <testcase classname="script.FarmerGodown" name="assignLoad" time="12.367"/>
  <testcase classname="script.FarmerGodown" name="saveInvoiceNumber" time="5.347"/>
  <testcase classname="script.FarmerGodown" name="invoice" time="18.139"/>
  <testcase classname="script.FarmerGodown" name="invoiceDownloadOption" time="3.107"/>
  <testcase classname="script.FarmerGodown" name="updateSoot" time="3.133"/>
  <testcase classname="script.FarmerGodown" name="transaction" time="0.18"/>
  <testcase classname="script.FarmerGodown" name="confirmStamp" time="3.154"/>
  <testcase classname="script.FarmerGodown" name="userDetails" time="3.386"/>
</testsuite> <!-- Admin- Farmer to godown -->
