<?xml version="1.0" encoding="UTF-8"?>
<!-- Generated by org.testng.reporters.JUnitXMLReporter -->
<testsuite ignored="0" hostname="INBNRMARITA" failures="0" tests="17" name="Admin- Create Godown SO" time="84.376" errors="0" timestamp="2023-05-26T16:40:40 IST">
  <testcase classname="script.EditSalesOrderGodown" name="buyerLinkValidation" time="4.259"/>
  <testcase classname="script.EditSalesOrderGodown" name="buyerOnboardingPage" time="5.626"/>
  <testcase classname="script.EditSalesOrderGodown" name="searchButton" time="8.185"/>
  <testcase classname="script.EditSalesOrderGodown" name="validatePhoneNumber" time="4.586"/>
  <testcase classname="script.EditSalesOrderGodown" name="enterPhoneNumber" time="14.671"/>
  <testcase classname="script.EditSalesOrderGodown" name="userCardValidation" time="0.004"/>
  <testcase classname="script.EditSalesOrderGodown" name="addCropButton" time="1.314"/>
  <testcase classname="script.EditSalesOrderGodown" name="validateCategory" time="4.619"/>
  <testcase classname="script.EditSalesOrderGodown" name="validateCropName" time="6.535"/>
  <testcase classname="script.EditSalesOrderGodown" name="validateQuantity" time="8.915"/>
  <testcase classname="script.EditSalesOrderGodown" name="enterQuantity" time="1.347"/>
  <testcase classname="script.EditSalesOrderGodown" name="validateUnit" time="7.053"/>
  <testcase classname="script.EditSalesOrderGodown" name="validateCropEditedToast" time="1.133"/>
  <testcase classname="script.EditSalesOrderGodown" name="validateStartDate" time="0.092"/>
  <testcase classname="script.EditSalesOrderGodown" name="selectStartDate" time="0.055"/>
  <testcase classname="script.EditSalesOrderGodown" name="validatEndDate" time="0.062"/>
  <testcase classname="script.EditSalesOrderGodown" name="selectEndDate" time="1.123"/>
</testsuite> <!-- Admin- Create Godown SO -->
