<?xml version="1.0" encoding="UTF-8"?>
<!-- Generated by org.testng.reporters.JUnitXMLReporter -->
<testsuite ignored="0" hostname="INBNRMARITA" failures="0" tests="12" name="Admin- Create Godown PO" time="79.48" errors="0" timestamp="2022-05-10T18:11:25 IST">
  <testcase classname="script.CreateGodownPO" name="buyerLinkValidation" time="3.182"/>
  <testcase classname="script.CreateGodownPO" name="buyerOnboardingPage" time="0.788"/>
  <testcase classname="script.CreateGodownPO" name="searchButton" time="7.624"/>
  <testcase classname="script.CreateGodownPO" name="searchUser" time="18.37"/>
  <testcase classname="script.CreateGodownPO" name="userCardValidation" time="0.002"/>
  <testcase classname="script.CreateGodownPO" name="addCropButton" time="1.124"/>
  <testcase classname="script.CreateGodownPO" name="validateCategory" time="2.38"/>
  <testcase classname="script.CreateGodownPO" name="validateCropName" time="3.352"/>
  <testcase classname="script.CreateGodownPO" name="validateQuantity" time="8.942"/>
  <testcase classname="script.CreateGodownPO" name="validateUnit" time="2.421"/>
  <testcase classname="script.CreateGodownPO" name="validateUnloadedStatus" time="14.6"/>
  <testcase classname="script.CreateGodownPO" name="poDates" time="11.094"/>
</testsuite> <!-- Admin- Create Godown PO -->
