<?xml version="1.0" encoding="UTF-8"?>
<!-- Generated by org.testng.reporters.JUnitXMLReporter -->
<testsuite ignored="0" hostname="INBNRMARITA" failures="0" tests="10" name="Finance Consumer and Transport Payments" time="55.491" errors="0" timestamp="2023-05-27T10:41:15 IST">
  <testcase classname="script.LogFinanceConsPayments" name="validateDateFilteFarmerPaymentsr" time="10.856"/>
  <testcase classname="script.LogFinanceConsPayments" name="searchButton" time="0.487"/>
  <testcase classname="script.LogFinanceConsPayments" name="resetButton" time="0.272"/>
  <testcase classname="script.LogFinanceConsPayments" name="paymentModeConsumer" time="13.548"/>
  <testcase classname="script.LogFinanceConsPayments" name="referenceIdConsumer" time="2.677"/>
  <testcase classname="script.LogFinanceConsPayments" name="consumerPayments" time="5.848"/>
  <testcase classname="script.LogFinanceConsPayments" name="validateDateFilterTransport" time="1.719"/>
  <testcase classname="script.LogFinanceConsPayments" name="searchButtonTransport" time="0.055"/>
  <testcase classname="script.LogFinanceConsPayments" name="resetButtonTransport" time="0.053"/>
  <testcase classname="script.LogFinanceConsPayments" name="transportPayment" time="6.214"/>
</testsuite> <!-- Finance Consumer and Transport Payments -->
